{"numFailedTestSuites":7,"numFailedTests":35,"numPassedTestSuites":24,"numPassedTests":179,"numPendingTestSuites":0,"numPendingTests":0,"numRuntimeErrorTestSuites":4,"numTodoTests":0,"numTotalTestSuites":31,"numTotalTests":214,"openHandles":[],"snapshot":{"added":0,"didUpdate":false,"failure":false,"filesAdded":0,"filesRemoved":0,"filesRemovedList":[],"filesUnmatched":0,"filesUpdated":0,"matched":0,"total":0,"unchecked":0,"uncheckedKeysByFile":[],"unmatched":0,"updated":0},"startTime":1780361559417,"success":false,"testResults":[{"assertionResults":[{"ancestorTitles":["T004 - Migration: Bảng user_sessions"],"duration":14,"failureDetails":[{"errno":-3008,"code":"ENOTFOUND","syscall":"getaddrinfo","hostname":"db.exuuhghnjcihypchzmym.supabase.co"}],"failureMessages":["Error: getaddrinfo ENOTFOUND db.exuuhghnjcihypchzmym.supabase.co\n    at C:\\Users\\ADMIN\\OneDrive\\Desktop\\WorkSpace\\Kì 5\\ielts-elearning-platform\\backend\\node_modules\\pg-pool\\index.js:45:11\n    at processTicksAndRejections (node:internal/process/task_queues:105:5)\n    at Object.<anonymous> (C:\\Users\\ADMIN\\OneDrive\\Desktop\\WorkSpace\\Kì 5\\ielts-elearning-platform\\backend\\tests\\unit\\db\\003_create_sessions.test.js:18:14)"],"fullName":"T004 - Migration: Bảng user_sessions Happy Path: Should insert a session successfully with valid data","invocations":1,"location":null,"numPassingAsserts":0,"retryReasons":[],"status":"failed","title":"Happy Path: Should insert a session successfully with valid data"},{"ancestorTitles":["T004 - Migration: Bảng user_sessions"],"duration":0,"failureDetails":[{"errno":-3008,"code":"ENOTFOUND","syscall":"getaddrinfo","hostname":"db.exuuhghnjcihypchzmym.supabase.co"}],"failureMessages":["Error: getaddrinfo ENOTFOUND db.exuuhghnjcihypchzmym.supabase.co\n    at C:\\Users\\ADMIN\\OneDrive\\Desktop\\WorkSpace\\Kì 5\\ielts-elearning-platform\\backend\\node_modules\\pg-pool\\index.js:45:11\n    at processTicksAndRejections (node:internal/process/task_queues:105:5)\n    at Object.<anonymous> (C:\\Users\\ADMIN\\OneDrive\\Desktop\\WorkSpace\\Kì 5\\ielts-elearning-platform\\backend\\tests\\unit\\db\\003_create_sessions.test.js:18:14)"],"fullName":"T004 - Migration: Bảng user_sessions Error Case: Should enforce UNIQUE session_token constraint","invocations":1,"location":null,"numPassingAsserts":0,"retryReasons":[],"status":"failed","title":"Error Case: Should enforce UNIQUE session_token constraint"},{"ancestorTitles":["T004 - Migration: Bảng user_sessions"],"duration":0,"failureDetails":[{"errno":-3008,"code":"ENOTFOUND","syscall":"getaddrinfo","hostname":"db.exuuhghnjcihypchzmym.supabase.co"}],"failureMessages":["Error: getaddrinfo ENOTFOUND db.exuuhghnjcihypchzmym.supabase.co\n    at C:\\Users\\ADMIN\\OneDrive\\Desktop\\WorkSpace\\Kì 5\\ielts-elearning-platform\\backend\\node_modules\\pg-pool\\index.js:45:11\n    at processTicksAndRejections (node:internal/process/task_queues:105:5)\n    at Object.<anonymous> (C:\\Users\\ADMIN\\OneDrive\\Desktop\\WorkSpace\\Kì 5\\ielts-elearning-platform\\backend\\tests\\unit\\db\\003_create_sessions.test.js:18:14)"],"fullName":"T004 - Migration: Bảng user_sessions Error Case: Should enforce NOT NULL constraints on session_token and expires_at","invocations":1,"location":null,"numPassingAsserts":0,"retryReasons":[],"status":"failed","title":"Error Case: Should enforce NOT NULL constraints on session_token and expires_at"},{"ancestorTitles":["T004 - Migration: Bảng user_sessions"],"duration":0,"failureDetails":[{"errno":-3008,"code":"ENOTFOUND","syscall":"getaddrinfo","hostname":"db.exuuhghnjcihypchzmym.supabase.co"}],"failureMessages":["Error: getaddrinfo ENOTFOUND db.exuuhghnjcihypchzmym.supabase.co\n    at C:\\Users\\ADMIN\\OneDrive\\Desktop\\WorkSpace\\Kì 5\\ielts-elearning-platform\\backend\\node_modules\\pg-pool\\index.js:45:11\n    at processTicksAndRejections (node:internal/process/task_queues:105:5)\n    at Object.<anonymous> (C:\\Users\\ADMIN\\OneDrive\\Desktop\\WorkSpace\\Kì 5\\ielts-elearning-platform\\backend\\tests\\unit\\db\\003_create_sessions.test.js:18:14)"],"fullName":"T004 - Migration: Bảng user_sessions Error Case: Should enforce Foreign Key constraint on user_id","invocations":1,"location":null,"numPassingAsserts":0,"retryReasons":[],"status":"failed","title":"Error Case: Should enforce Foreign Key constraint on user_id"},{"ancestorTitles":["T004 - Migration: Bảng user_sessions"],"duration":1,"failureDetails":[{"errno":-3008,"code":"ENOTFOUND","syscall":"getaddrinfo","hostname":"db.exuuhghnjcihypchzmym.supabase.co"}],"failureMessages":["Error: getaddrinfo ENOTFOUND db.exuuhghnjcihypchzmym.supabase.co\n    at C:\\Users\\ADMIN\\OneDrive\\Desktop\\WorkSpace\\Kì 5\\ielts-elearning-platform\\backend\\node_modules\\pg-pool\\index.js:45:11\n    at processTicksAndRejections (node:internal/process/task_queues:105:5)\n    at Object.<anonymous> (C:\\Users\\ADMIN\\OneDrive\\Desktop\\WorkSpace\\Kì 5\\ielts-elearning-platform\\backend\\tests\\unit\\db\\003_create_sessions.test.js:18:14)"],"fullName":"T004 - Migration: Bảng user_sessions Event-driven: Should update updated_at trigger automatically on row update","invocations":1,"location":null,"numPassingAsserts":0,"retryReasons":[],"status":"failed","title":"Event-driven: Should update updated_at trigger automatically on row update"},{"ancestorTitles":["T004 - Migration: Bảng user_sessions"],"duration":0,"failureDetails":[{"errno":-3008,"code":"ENOTFOUND","syscall":"getaddrinfo","hostname":"db.exuuhghnjcihypchzmym.supabase.co"}],"failureMessages":["Error: getaddrinfo ENOTFOUND db.exuuhghnjcihypchzmym.supabase.co\n    at C:\\Users\\ADMIN\\OneDrive\\Desktop\\WorkSpace\\Kì 5\\ielts-elearning-platform\\backend\\node_modules\\pg-pool\\index.js:45:11\n    at processTicksAndRejections (node:internal/process/task_queues:105:5)\n    at Object.<anonymous> (C:\\Users\\ADMIN\\OneDrive\\Desktop\\WorkSpace\\Kì 5\\ielts-elearning-platform\\backend\\tests\\unit\\db\\003_create_sessions.test.js:18:14)"],"fullName":"T004 - Migration: Bảng user_sessions State-driven: v_active_sessions should only return non-revoked and non-expired sessions","invocations":1,"location":null,"numPassingAsserts":0,"retryReasons":[],"status":"failed","title":"State-driven: v_active_sessions should only return non-revoked and non-expired sessions"}],"endTime":1780361561371,"message":"  ● T004 - Migration: Bảng user_sessions › Happy Path: Should insert a session successfully with valid data\n\n    getaddrinfo ENOTFOUND db.exuuhghnjcihypchzmym.supabase.co\n\n    \u001b[0m \u001b[90m 16 |\u001b[39m\n     \u001b[90m 17 |\u001b[39m   beforeAll(\u001b[36masync\u001b[39m () \u001b[33m=>\u001b[39m {\n    \u001b[31m\u001b[1m>\u001b[22m\u001b[39m\u001b[90m 18 |\u001b[39m     client \u001b[33m=\u001b[39m \u001b[36mawait\u001b[39m pool\u001b[33m.\u001b[39mconnect()\u001b[33m;\u001b[39m\n     \u001b[90m    |\u001b[39m              \u001b[31m\u001b[1m^\u001b[22m\u001b[39m\n     \u001b[90m 19 |\u001b[39m     \n     \u001b[90m 20 |\u001b[39m     \u001b[90m// Clean up stale tables from previous runs to ensure clean state for migrations\u001b[39m\n     \u001b[90m 21 |\u001b[39m     \u001b[36mawait\u001b[39m client\u001b[33m.\u001b[39mquery(\u001b[32m'DROP VIEW IF EXISTS v_active_sessions CASCADE;'\u001b[39m)\u001b[33m;\u001b[39m\u001b[0m\n\n      at backend/node_modules/pg-pool/index.js:45:11\n      at Object.<anonymous> (backend/tests/unit/db/003_create_sessions.test.js:18:14)\n\n  ● T004 - Migration: Bảng user_sessions › Error Case: Should enforce UNIQUE session_token constraint\n\n    getaddrinfo ENOTFOUND db.exuuhghnjcihypchzmym.supabase.co\n\n    \u001b[0m \u001b[90m 16 |\u001b[39m\n     \u001b[90m 17 |\u001b[39m   beforeAll(\u001b[36masync\u001b[39m () \u001b[33m=>\u001b[39m {\n    \u001b[31m\u001b[1m>\u001b[22m\u001b[39m\u001b[90m 18 |\u001b[39m     client \u001b[33m=\u001b[39m \u001b[36mawait\u001b[39m pool\u001b[33m.\u001b[39mconnect()\u001b[33m;\u001b[39m\n     \u001b[90m    |\u001b[39m              \u001b[31m\u001b[1m^\u001b[22m\u001b[39m\n     \u001b[90m 19 |\u001b[39m     \n     \u001b[90m 20 |\u001b[39m     \u001b[90m// Clean up stale tables from previous runs to ensure clean state for migrations\u001b[39m\n     \u001b[90m 21 |\u001b[39m     \u001b[36mawait\u001b[39m client\u001b[33m.\u001b[39mquery(\u001b[32m'DROP VIEW IF EXISTS v_active_sessions CASCADE;'\u001b[39m)\u001b[33m;\u001b[39m\u001b[0m\n\n      at backend/node_modules/pg-pool/index.js:45:11\n      at Object.<anonymous> (backend/tests/unit/db/003_create_sessions.test.js:18:14)\n\n  ● T004 - Migration: Bảng user_sessions › Error Case: Should enforce NOT NULL constraints on session_token and expires_at\n\n    getaddrinfo ENOTFOUND db.exuuhghnjcihypchzmym.supabase.co\n\n    \u001b[0m \u001b[90m 16 |\u001b[39m\n     \u001b[90m 17 |\u001b[39m   beforeAll(\u001b[36masync\u001b[39m () \u001b[33m=>\u001b[39m {\n    \u001b[31m\u001b[1m>\u001b[22m\u001b[39m\u001b[90m 18 |\u001b[39m     client \u001b[33m=\u001b[39m \u001b[36mawait\u001b[39m pool\u001b[33m.\u001b[39mconnect()\u001b[33m;\u001b[39m\n     \u001b[90m    |\u001b[39m              \u001b[31m\u001b[1m^\u001b[22m\u001b[39m\n     \u001b[90m 19 |\u001b[39m     \n     \u001b[90m 20 |\u001b[39m     \u001b[90m// Clean up stale tables from previous runs to ensure clean state for migrations\u001b[39m\n     \u001b[90m 21 |\u001b[39m     \u001b[36mawait\u001b[39m client\u001b[33m.\u001b[39mquery(\u001b[32m'DROP VIEW IF EXISTS v_active_sessions CASCADE;'\u001b[39m)\u001b[33m;\u001b[39m\u001b[0m\n\n      at backend/node_modules/pg-pool/index.js:45:11\n      at Object.<anonymous> (backend/tests/unit/db/003_create_sessions.test.js:18:14)\n\n  ● T004 - Migration: Bảng user_sessions › Error Case: Should enforce Foreign Key constraint on user_id\n\n    getaddrinfo ENOTFOUND db.exuuhghnjcihypchzmym.supabase.co\n\n    \u001b[0m \u001b[90m 16 |\u001b[39m\n     \u001b[90m 17 |\u001b[39m   beforeAll(\u001b[36masync\u001b[39m () \u001b[33m=>\u001b[39m {\n    \u001b[31m\u001b[1m>\u001b[22m\u001b[39m\u001b[90m 18 |\u001b[39m     client \u001b[33m=\u001b[39m \u001b[36mawait\u001b[39m pool\u001b[33m.\u001b[39mconnect()\u001b[33m;\u001b[39m\n     \u001b[90m    |\u001b[39m              \u001b[31m\u001b[1m^\u001b[22m\u001b[39m\n     \u001b[90m 19 |\u001b[39m     \n     \u001b[90m 20 |\u001b[39m     \u001b[90m// Clean up stale tables from previous runs to ensure clean state for migrations\u001b[39m\n     \u001b[90m 21 |\u001b[39m     \u001b[36mawait\u001b[39m client\u001b[33m.\u001b[39mquery(\u001b[32m'DROP VIEW IF EXISTS v_active_sessions CASCADE;'\u001b[39m)\u001b[33m;\u001b[39m\u001b[0m\n\n      at backend/node_modules/pg-pool/index.js:45:11\n      at Object.<anonymous> (backend/tests/unit/db/003_create_sessions.test.js:18:14)\n\n  ● T004 - Migration: Bảng user_sessions › Event-driven: Should update updated_at trigger automatically on row update\n\n    getaddrinfo ENOTFOUND db.exuuhghnjcihypchzmym.supabase.co\n\n    \u001b[0m \u001b[90m 16 |\u001b[39m\n     \u001b[90m 17 |\u001b[39m   beforeAll(\u001b[36masync\u001b[39m () \u001b[33m=>\u001b[39m {\n    \u001b[31m\u001b[1m>\u001b[22m\u001b[39m\u001b[90m 18 |\u001b[39m     client \u001b[33m=\u001b[39m \u001b[36mawait\u001b[39m pool\u001b[33m.\u001b[39mconnect()\u001b[33m;\u001b[39m\n     \u001b[90m    |\u001b[39m              \u001b[31m\u001b[1m^\u001b[22m\u001b[39m\n     \u001b[90m 19 |\u001b[39m     \n     \u001b[90m 20 |\u001b[39m     \u001b[90m// Clean up stale tables from previous runs to ensure clean state for migrations\u001b[39m\n     \u001b[90m 21 |\u001b[39m     \u001b[36mawait\u001b[39m client\u001b[33m.\u001b[39mquery(\u001b[32m'DROP VIEW IF EXISTS v_active_sessions CASCADE;'\u001b[39m)\u001b[33m;\u001b[39m\u001b[0m\n\n      at backend/node_modules/pg-pool/index.js:45:11\n      at Object.<anonymous> (backend/tests/unit/db/003_create_sessions.test.js:18:14)\n\n  ● T004 - Migration: Bảng user_sessions › State-driven: v_active_sessions should only return non-revoked and non-expired sessions\n\n    getaddrinfo ENOTFOUND db.exuuhghnjcihypchzmym.supabase.co\n\n    \u001b[0m \u001b[90m 16 |\u001b[39m\n     \u001b[90m 17 |\u001b[39m   beforeAll(\u001b[36masync\u001b[39m () \u001b[33m=>\u001b[39m {\n    \u001b[31m\u001b[1m>\u001b[22m\u001b[39m\u001b[90m 18 |\u001b[39m     client \u001b[33m=\u001b[39m \u001b[36mawait\u001b[39m pool\u001b[33m.\u001b[39mconnect()\u001b[33m;\u001b[39m\n     \u001b[90m    |\u001b[39m              \u001b[31m\u001b[1m^\u001b[22m\u001b[39m\n     \u001b[90m 19 |\u001b[39m     \n     \u001b[90m 20 |\u001b[39m     \u001b[90m// Clean up stale tables from previous runs to ensure clean state for migrations\u001b[39m\n     \u001b[90m 21 |\u001b[39m     \u001b[36mawait\u001b[39m client\u001b[33m.\u001b[39mquery(\u001b[32m'DROP VIEW IF EXISTS v_active_sessions CASCADE;'\u001b[39m)\u001b[33m;\u001b[39m\u001b[0m\n\n      at backend/node_modules/pg-pool/index.js:45:11\n      at Object.<anonymous> (backend/tests/unit/db/003_create_sessions.test.js:18:14)\n","name":"C:\\Users\\ADMIN\\OneDrive\\Desktop\\WorkSpace\\Kì 5\\ielts-elearning-platform\\backend\\tests\\unit\\db\\003_create_sessions.test.js","startTime":1780361559991,"status":"failed","summary":""},{"assertionResults":[{"ancestorTitles":["Migration: 006_create_audit_logs"],"duration":11,"failureDetails":[{"errno":-3008,"code":"ENOTFOUND","syscall":"getaddrinfo","hostname":"db.exuuhghnjcihypchzmym.supabase.co"}],"failureMessages":["Error: getaddrinfo ENOTFOUND db.exuuhghnjcihypchzmym.supabase.co\n    at C:\\Users\\ADMIN\\OneDrive\\Desktop\\WorkSpace\\Kì 5\\ielts-elearning-platform\\backend\\node_modules\\pg-pool\\index.js:45:11\n    at processTicksAndRejections (node:internal/process/task_queues:105:5)\n    at Object.<anonymous> (C:\\Users\\ADMIN\\OneDrive\\Desktop\\WorkSpace\\Kì 5\\ielts-elearning-platform\\backend\\tests\\unit\\migrations\\006_create_audit_logs.test.js:34:9)"],"fullName":"Migration: 006_create_audit_logs Happy Path: Should insert a valid audit log record successfully","invocations":1,"location":null,"numPassingAsserts":0,"retryReasons":[],"status":"failed","title":"Happy Path: Should insert a valid audit log record successfully"},{"ancestorTitles":["Migration: 006_create_audit_logs"],"duration":0,"failureDetails":[{"errno":-3008,"code":"ENOTFOUND","syscall":"getaddrinfo","hostname":"db.exuuhghnjcihypchzmym.supabase.co"}],"failureMessages":["Error: getaddrinfo ENOTFOUND db.exuuhghnjcihypchzmym.supabase.co\n    at C:\\Users\\ADMIN\\OneDrive\\Desktop\\WorkSpace\\Kì 5\\ielts-elearning-platform\\backend\\node_modules\\pg-pool\\index.js:45:11\n    at processTicksAndRejections (node:internal/process/task_queues:105:5)\n    at Object.<anonymous> (C:\\Users\\ADMIN\\OneDrive\\Desktop\\WorkSpace\\Kì 5\\ielts-elearning-platform\\backend\\tests\\unit\\migrations\\006_create_audit_logs.test.js:34:9)"],"fullName":"Migration: 006_create_audit_logs Error Case: Should fail if ip_address is not a valid INET format","invocations":1,"location":null,"numPassingAsserts":0,"retryReasons":[],"status":"failed","title":"Error Case: Should fail if ip_address is not a valid INET format"},{"ancestorTitles":["Migration: 006_create_audit_logs"],"duration":0,"failureDetails":[{"errno":-3008,"code":"ENOTFOUND","syscall":"getaddrinfo","hostname":"db.exuuhghnjcihypchzmym.supabase.co"}],"failureMessages":["Error: getaddrinfo ENOTFOUND db.exuuhghnjcihypchzmym.supabase.co\n    at C:\\Users\\ADMIN\\OneDrive\\Desktop\\WorkSpace\\Kì 5\\ielts-elearning-platform\\backend\\node_modules\\pg-pool\\index.js:45:11\n    at processTicksAndRejections (node:internal/process/task_queues:105:5)\n    at Object.<anonymous> (C:\\Users\\ADMIN\\OneDrive\\Desktop\\WorkSpace\\Kì 5\\ielts-elearning-platform\\backend\\tests\\unit\\migrations\\006_create_audit_logs.test.js:34:9)"],"fullName":"Migration: 006_create_audit_logs Error Case: Should fail if old_value or new_value is not valid JSON format","invocations":1,"location":null,"numPassingAsserts":0,"retryReasons":[],"status":"failed","title":"Error Case: Should fail if old_value or new_value is not valid JSON format"},{"ancestorTitles":["Migration: 006_create_audit_logs"],"duration":1,"failureDetails":[{"errno":-3008,"code":"ENOTFOUND","syscall":"getaddrinfo","hostname":"db.exuuhghnjcihypchzmym.supabase.co"}],"failureMessages":["Error: getaddrinfo ENOTFOUND db.exuuhghnjcihypchzmym.supabase.co\n    at C:\\Users\\ADMIN\\OneDrive\\Desktop\\WorkSpace\\Kì 5\\ielts-elearning-platform\\backend\\node_modules\\pg-pool\\index.js:45:11\n    at processTicksAndRejections (node:internal/process/task_queues:105:5)\n    at Object.<anonymous> (C:\\Users\\ADMIN\\OneDrive\\Desktop\\WorkSpace\\Kì 5\\ielts-elearning-platform\\backend\\tests\\unit\\migrations\\006_create_audit_logs.test.js:34:9)"],"fullName":"Migration: 006_create_audit_logs Error Case: Should fail if action is not in log_action enum","invocations":1,"location":null,"numPassingAsserts":0,"retryReasons":[],"status":"failed","title":"Error Case: Should fail if action is not in log_action enum"},{"ancestorTitles":["Migration: 006_create_audit_logs"],"duration":0,"failureDetails":[{"errno":-3008,"code":"ENOTFOUND","syscall":"getaddrinfo","hostname":"db.exuuhghnjcihypchzmym.supabase.co"}],"failureMessages":["Error: getaddrinfo ENOTFOUND db.exuuhghnjcihypchzmym.supabase.co\n    at C:\\Users\\ADMIN\\OneDrive\\Desktop\\WorkSpace\\Kì 5\\ielts-elearning-platform\\backend\\node_modules\\pg-pool\\index.js:45:11\n    at processTicksAndRejections (node:internal/process/task_queues:105:5)\n    at Object.<anonymous> (C:\\Users\\ADMIN\\OneDrive\\Desktop\\WorkSpace\\Kì 5\\ielts-elearning-platform\\backend\\tests\\unit\\migrations\\006_create_audit_logs.test.js:34:9)"],"fullName":"Migration: 006_create_audit_logs Boundary/Constraint: Should automatically set created_at default value","invocations":1,"location":null,"numPassingAsserts":0,"retryReasons":[],"status":"failed","title":"Boundary/Constraint: Should automatically set created_at default value"},{"ancestorTitles":["Migration: 006_create_audit_logs"],"duration":1,"failureDetails":[{"errno":-3008,"code":"ENOTFOUND","syscall":"getaddrinfo","hostname":"db.exuuhghnjcihypchzmym.supabase.co"}],"failureMessages":["Error: getaddrinfo ENOTFOUND db.exuuhghnjcihypchzmym.supabase.co\n    at C:\\Users\\ADMIN\\OneDrive\\Desktop\\WorkSpace\\Kì 5\\ielts-elearning-platform\\backend\\node_modules\\pg-pool\\index.js:45:11\n    at processTicksAndRejections (node:internal/process/task_queues:105:5)\n    at Object.<anonymous> (C:\\Users\\ADMIN\\OneDrive\\Desktop\\WorkSpace\\Kì 5\\ielts-elearning-platform\\backend\\tests\\unit\\migrations\\006_create_audit_logs.test.js:34:9)"],"fullName":"Migration: 006_create_audit_logs Error Case: Should fail if actor_id references a non-existent user","invocations":1,"location":null,"numPassingAsserts":0,"retryReasons":[],"status":"failed","title":"Error Case: Should fail if actor_id references a non-existent user"}],"coverage":{},"endTime":1780361565365,"message":"  ● Migration: 006_create_audit_logs › Happy Path: Should insert a valid audit log record successfully\n\n    getaddrinfo ENOTFOUND db.exuuhghnjcihypchzmym.supabase.co\n\n    \u001b[0m \u001b[90m 32 |\u001b[39m         \u001b[36mconst\u001b[39m filePath \u001b[33m=\u001b[39m path\u001b[33m.\u001b[39mjoin(__dirname\u001b[33m,\u001b[39m \u001b[32m'../../../src/db/migrations'\u001b[39m\u001b[33m,\u001b[39m file)\u001b[33m;\u001b[39m\n     \u001b[90m 33 |\u001b[39m         \u001b[36mconst\u001b[39m sql \u001b[33m=\u001b[39m fs\u001b[33m.\u001b[39mreadFileSync(filePath\u001b[33m,\u001b[39m \u001b[32m'utf-8'\u001b[39m)\u001b[33m;\u001b[39m\n    \u001b[31m\u001b[1m>\u001b[22m\u001b[39m\u001b[90m 34 |\u001b[39m         \u001b[36mawait\u001b[39m pool\u001b[33m.\u001b[39mquery(sql)\u001b[33m;\u001b[39m\n     \u001b[90m    |\u001b[39m         \u001b[31m\u001b[1m^\u001b[22m\u001b[39m\n     \u001b[90m 35 |\u001b[39m     }\n     \u001b[90m 36 |\u001b[39m })\u001b[33m;\u001b[39m\n     \u001b[90m 37 |\u001b[39m\u001b[0m\n\n      at backend/node_modules/pg-pool/index.js:45:11\n      at Object.<anonymous> (backend/tests/unit/migrations/006_create_audit_logs.test.js:34:9)\n\n  ● Migration: 006_create_audit_logs › Error Case: Should fail if ip_address is not a valid INET format\n\n    getaddrinfo ENOTFOUND db.exuuhghnjcihypchzmym.supabase.co\n\n    \u001b[0m \u001b[90m 32 |\u001b[39m         \u001b[36mconst\u001b[39m filePath \u001b[33m=\u001b[39m path\u001b[33m.\u001b[39mjoin(__dirname\u001b[33m,\u001b[39m \u001b[32m'../../../src/db/migrations'\u001b[39m\u001b[33m,\u001b[39m file)\u001b[33m;\u001b[39m\n     \u001b[90m 33 |\u001b[39m         \u001b[36mconst\u001b[39m sql \u001b[33m=\u001b[39m fs\u001b[33m.\u001b[39mreadFileSync(filePath\u001b[33m,\u001b[39m \u001b[32m'utf-8'\u001b[39m)\u001b[33m;\u001b[39m\n    \u001b[31m\u001b[1m>\u001b[22m\u001b[39m\u001b[90m 34 |\u001b[39m         \u001b[36mawait\u001b[39m pool\u001b[33m.\u001b[39mquery(sql)\u001b[33m;\u001b[39m\n     \u001b[90m    |\u001b[39m         \u001b[31m\u001b[1m^\u001b[22m\u001b[39m\n     \u001b[90m 35 |\u001b[39m     }\n     \u001b[90m 36 |\u001b[39m })\u001b[33m;\u001b[39m\n     \u001b[90m 37 |\u001b[39m\u001b[0m\n\n      at backend/node_modules/pg-pool/index.js:45:11\n      at Object.<anonymous> (backend/tests/unit/migrations/006_create_audit_logs.test.js:34:9)\n\n  ● Migration: 006_create_audit_logs › Error Case: Should fail if old_value or new_value is not valid JSON format\n\n    getaddrinfo ENOTFOUND db.exuuhghnjcihypchzmym.supabase.co\n\n    \u001b[0m \u001b[90m 32 |\u001b[39m         \u001b[36mconst\u001b[39m filePath \u001b[33m=\u001b[39m path\u001b[33m.\u001b[39mjoin(__dirname\u001b[33m,\u001b[39m \u001b[32m'../../../src/db/migrations'\u001b[39m\u001b[33m,\u001b[39m file)\u001b[33m;\u001b[39m\n     \u001b[90m 33 |\u001b[39m         \u001b[36mconst\u001b[39m sql \u001b[33m=\u001b[39m fs\u001b[33m.\u001b[39mreadFileSync(filePath\u001b[33m,\u001b[39m \u001b[32m'utf-8'\u001b[39m)\u001b[33m;\u001b[39m\n    \u001b[31m\u001b[1m>\u001b[22m\u001b[39m\u001b[90m 34 |\u001b[39m         \u001b[36mawait\u001b[39m pool\u001b[33m.\u001b[39mquery(sql)\u001b[33m;\u001b[39m\n     \u001b[90m    |\u001b[39m         \u001b[31m\u001b[1m^\u001b[22m\u001b[39m\n     \u001b[90m 35 |\u001b[39m     }\n     \u001b[90m 36 |\u001b[39m })\u001b[33m;\u001b[39m\n     \u001b[90m 37 |\u001b[39m\u001b[0m\n\n      at backend/node_modules/pg-pool/index.js:45:11\n      at Object.<anonymous> (backend/tests/unit/migrations/006_create_audit_logs.test.js:34:9)\n\n  ● Migration: 006_create_audit_logs › Error Case: Should fail if action is not in log_action enum\n\n    getaddrinfo ENOTFOUND db.exuuhghnjcihypchzmym.supabase.co\n\n    \u001b[0m \u001b[90m 32 |\u001b[39m         \u001b[36mconst\u001b[39m filePath \u001b[33m=\u001b[39m path\u001b[33m.\u001b[39mjoin(__dirname\u001b[33m,\u001b[39m \u001b[32m'../../../src/db/migrations'\u001b[39m\u001b[33m,\u001b[39m file)\u001b[33m;\u001b[39m\n     \u001b[90m 33 |\u001b[39m         \u001b[36mconst\u001b[39m sql \u001b[33m=\u001b[39m fs\u001b[33m.\u001b[39mreadFileSync(filePath\u001b[33m,\u001b[39m \u001b[32m'utf-8'\u001b[39m)\u001b[33m;\u001b[39m\n    \u001b[31m\u001b[1m>\u001b[22m\u001b[39m\u001b[90m 34 |\u001b[39m         \u001b[36mawait\u001b[39m pool\u001b[33m.\u001b[39mquery(sql)\u001b[33m;\u001b[39m\n     \u001b[90m    |\u001b[39m         \u001b[31m\u001b[1m^\u001b[22m\u001b[39m\n     \u001b[90m 35 |\u001b[39m     }\n     \u001b[90m 36 |\u001b[39m })\u001b[33m;\u001b[39m\n     \u001b[90m 37 |\u001b[39m\u001b[0m\n\n      at backend/node_modules/pg-pool/index.js:45:11\n      at Object.<anonymous> (backend/tests/unit/migrations/006_create_audit_logs.test.js:34:9)\n\n  ● Migration: 006_create_audit_logs › Boundary/Constraint: Should automatically set created_at default value\n\n    getaddrinfo ENOTFOUND db.exuuhghnjcihypchzmym.supabase.co\n\n    \u001b[0m \u001b[90m 32 |\u001b[39m         \u001b[36mconst\u001b[39m filePath \u001b[33m=\u001b[39m path\u001b[33m.\u001b[39mjoin(__dirname\u001b[33m,\u001b[39m \u001b[32m'../../../src/db/migrations'\u001b[39m\u001b[33m,\u001b[39m file)\u001b[33m;\u001b[39m\n     \u001b[90m 33 |\u001b[39m         \u001b[36mconst\u001b[39m sql \u001b[33m=\u001b[39m fs\u001b[33m.\u001b[39mreadFileSync(filePath\u001b[33m,\u001b[39m \u001b[32m'utf-8'\u001b[39m)\u001b[33m;\u001b[39m\n    \u001b[31m\u001b[1m>\u001b[22m\u001b[39m\u001b[90m 34 |\u001b[39m         \u001b[36mawait\u001b[39m pool\u001b[33m.\u001b[39mquery(sql)\u001b[33m;\u001b[39m\n     \u001b[90m    |\u001b[39m         \u001b[31m\u001b[1m^\u001b[22m\u001b[39m\n     \u001b[90m 35 |\u001b[39m     }\n     \u001b[90m 36 |\u001b[39m })\u001b[33m;\u001b[39m\n     \u001b[90m 37 |\u001b[39m\u001b[0m\n\n      at backend/node_modules/pg-pool/index.js:45:11\n      at Object.<anonymous> (backend/tests/unit/migrations/006_create_audit_logs.test.js:34:9)\n\n  ● Migration: 006_create_audit_logs › Error Case: Should fail if actor_id references a non-existent user\n\n    getaddrinfo ENOTFOUND db.exuuhghnjcihypchzmym.supabase.co\n\n    \u001b[0m \u001b[90m 32 |\u001b[39m         \u001b[36mconst\u001b[39m filePath \u001b[33m=\u001b[39m path\u001b[33m.\u001b[39mjoin(__dirname\u001b[33m,\u001b[39m \u001b[32m'../../../src/db/migrations'\u001b[39m\u001b[33m,\u001b[39m file)\u001b[33m;\u001b[39m\n     \u001b[90m 33 |\u001b[39m         \u001b[36mconst\u001b[39m sql \u001b[33m=\u001b[39m fs\u001b[33m.\u001b[39mreadFileSync(filePath\u001b[33m,\u001b[39m \u001b[32m'utf-8'\u001b[39m)\u001b[33m;\u001b[39m\n    \u001b[31m\u001b[1m>\u001b[22m\u001b[39m\u001b[90m 34 |\u001b[39m         \u001b[36mawait\u001b[39m pool\u001b[33m.\u001b[39mquery(sql)\u001b[33m;\u001b[39m\n     \u001b[90m    |\u001b[39m         \u001b[31m\u001b[1m^\u001b[22m\u001b[39m\n     \u001b[90m 35 |\u001b[39m     }\n     \u001b[90m 36 |\u001b[39m })\u001b[33m;\u001b[39m\n     \u001b[90m 37 |\u001b[39m\u001b[0m\n\n      at backend/node_modules/pg-pool/index.js:45:11\n      at Object.<anonymous> (backend/tests/unit/migrations/006_create_audit_logs.test.js:34:9)\n\n\n  ● Test suite failed to run\n\n    getaddrinfo ENOTFOUND db.exuuhghnjcihypchzmym.supabase.co\n\n    \u001b[0m \u001b[90m 38 |\u001b[39m afterAll(\u001b[36masync\u001b[39m () \u001b[33m=>\u001b[39m {\n     \u001b[90m 39 |\u001b[39m     \u001b[90m// Dọn dẹp DB sau khi test\u001b[39m\n    \u001b[31m\u001b[1m>\u001b[22m\u001b[39m\u001b[90m 40 |\u001b[39m     \u001b[36mawait\u001b[39m pool\u001b[33m.\u001b[39mquery(\u001b[32m'DROP TABLE IF EXISTS audit_logs CASCADE;'\u001b[39m)\u001b[33m;\u001b[39m\n     \u001b[90m    |\u001b[39m     \u001b[31m\u001b[1m^\u001b[22m\u001b[39m\n     \u001b[90m 41 |\u001b[39m     \u001b[36mawait\u001b[39m pool\u001b[33m.\u001b[39mquery(\u001b[32m'DROP TABLE IF EXISTS users CASCADE;'\u001b[39m)\u001b[33m;\u001b[39m\n     \u001b[90m 42 |\u001b[39m     \u001b[36mawait\u001b[39m pool\u001b[33m.\u001b[39mquery(\u001b[32m'DROP TYPE IF EXISTS log_action CASCADE;'\u001b[39m)\u001b[33m;\u001b[39m\n     \u001b[90m 43 |\u001b[39m     \u001b[36mawait\u001b[39m pool\u001b[33m.\u001b[39mquery(\u001b[32m'DROP TYPE IF EXISTS user_role CASCADE;'\u001b[39m)\u001b[33m;\u001b[39m\u001b[0m\n\n      at backend/node_modules/pg-pool/index.js:45:11\n      at Object.<anonymous> (backend/tests/unit/migrations/006_create_audit_logs.test.js:40:5)\n","name":"C:\\Users\\ADMIN\\OneDrive\\Desktop\\WorkSpace\\Kì 5\\ielts-elearning-platform\\backend\\tests\\unit\\migrations\\006_create_audit_logs.test.js","startTime":1780361565365,"status":"failed","summary":""},{"assertionResults":[{"ancestorTitles":["Migration: 007_create_fail_login"],"duration":9,"failureDetails":[{"errno":-3008,"code":"ENOTFOUND","syscall":"getaddrinfo","hostname":"db.exuuhghnjcihypchzmym.supabase.co"}],"failureMessages":["Error: getaddrinfo ENOTFOUND db.exuuhghnjcihypchzmym.supabase.co\n    at C:\\Users\\ADMIN\\OneDrive\\Desktop\\WorkSpace\\Kì 5\\ielts-elearning-platform\\backend\\node_modules\\pg-pool\\index.js:45:11\n    at processTicksAndRejections (node:internal/process/task_queues:105:5)\n    at Object.<anonymous> (C:\\Users\\ADMIN\\OneDrive\\Desktop\\WorkSpace\\Kì 5\\ielts-elearning-platform\\backend\\tests\\unit\\migrations\\007_create_fail_login.test.js:34:9)"],"fullName":"Migration: 007_create_fail_login Happy Path: Should increment failed_login_attempts if attempts < 5","invocations":1,"location":null,"numPassingAsserts":0,"retryReasons":[],"status":"failed","title":"Happy Path: Should increment failed_login_attempts if attempts < 5"},{"ancestorTitles":["Migration: 007_create_fail_login"],"duration":0,"failureDetails":[{"errno":-3008,"code":"ENOTFOUND","syscall":"getaddrinfo","hostname":"db.exuuhghnjcihypchzmym.supabase.co"}],"failureMessages":["Error: getaddrinfo ENOTFOUND db.exuuhghnjcihypchzmym.supabase.co\n    at C:\\Users\\ADMIN\\OneDrive\\Desktop\\WorkSpace\\Kì 5\\ielts-elearning-platform\\backend\\node_modules\\pg-pool\\index.js:45:11\n    at processTicksAndRejections (node:internal/process/task_queues:105:5)\n    at Object.<anonymous> (C:\\Users\\ADMIN\\OneDrive\\Desktop\\WorkSpace\\Kì 5\\ielts-elearning-platform\\backend\\tests\\unit\\migrations\\007_create_fail_login.test.js:34:9)"],"fullName":"Migration: 007_create_fail_login Boundary Case (Unwanted): Should lock account when failed_login_attempts reaches 5","invocations":1,"location":null,"numPassingAsserts":0,"retryReasons":[],"status":"failed","title":"Boundary Case (Unwanted): Should lock account when failed_login_attempts reaches 5"},{"ancestorTitles":["Migration: 007_create_fail_login"],"duration":1,"failureDetails":[{"errno":-3008,"code":"ENOTFOUND","syscall":"getaddrinfo","hostname":"db.exuuhghnjcihypchzmym.supabase.co"}],"failureMessages":["Error: getaddrinfo ENOTFOUND db.exuuhghnjcihypchzmym.supabase.co\n    at C:\\Users\\ADMIN\\OneDrive\\Desktop\\WorkSpace\\Kì 5\\ielts-elearning-platform\\backend\\node_modules\\pg-pool\\index.js:45:11\n    at processTicksAndRejections (node:internal/process/task_queues:105:5)\n    at Object.<anonymous> (C:\\Users\\ADMIN\\OneDrive\\Desktop\\WorkSpace\\Kì 5\\ielts-elearning-platform\\backend\\tests\\unit\\migrations\\007_create_fail_login.test.js:34:9)"],"fullName":"Migration: 007_create_fail_login Boundary Case (Unwanted): Should remain locked and keep incrementing if attempts > 5","invocations":1,"location":null,"numPassingAsserts":0,"retryReasons":[],"status":"failed","title":"Boundary Case (Unwanted): Should remain locked and keep incrementing if attempts > 5"}],"coverage":{},"endTime":1780361565365,"message":"  ● Migration: 007_create_fail_login › Happy Path: Should increment failed_login_attempts if attempts < 5\n\n    getaddrinfo ENOTFOUND db.exuuhghnjcihypchzmym.supabase.co\n\n    \u001b[0m \u001b[90m 32 |\u001b[39m         \u001b[36mconst\u001b[39m filePath \u001b[33m=\u001b[39m path\u001b[33m.\u001b[39mjoin(__dirname\u001b[33m,\u001b[39m \u001b[32m'../../../src/db/migrations'\u001b[39m\u001b[33m,\u001b[39m file)\u001b[33m;\u001b[39m\n     \u001b[90m 33 |\u001b[39m         \u001b[36mconst\u001b[39m sql \u001b[33m=\u001b[39m fs\u001b[33m.\u001b[39mreadFileSync(filePath\u001b[33m,\u001b[39m \u001b[32m'utf-8'\u001b[39m)\u001b[33m;\u001b[39m\n    \u001b[31m\u001b[1m>\u001b[22m\u001b[39m\u001b[90m 34 |\u001b[39m         \u001b[36mawait\u001b[39m pool\u001b[33m.\u001b[39mquery(sql)\u001b[33m;\u001b[39m\n     \u001b[90m    |\u001b[39m         \u001b[31m\u001b[1m^\u001b[22m\u001b[39m\n     \u001b[90m 35 |\u001b[39m     }\n     \u001b[90m 36 |\u001b[39m })\u001b[33m;\u001b[39m\n     \u001b[90m 37 |\u001b[39m\u001b[0m\n\n      at backend/node_modules/pg-pool/index.js:45:11\n      at Object.<anonymous> (backend/tests/unit/migrations/007_create_fail_login.test.js:34:9)\n\n  ● Migration: 007_create_fail_login › Boundary Case (Unwanted): Should lock account when failed_login_attempts reaches 5\n\n    getaddrinfo ENOTFOUND db.exuuhghnjcihypchzmym.supabase.co\n\n    \u001b[0m \u001b[90m 32 |\u001b[39m         \u001b[36mconst\u001b[39m filePath \u001b[33m=\u001b[39m path\u001b[33m.\u001b[39mjoin(__dirname\u001b[33m,\u001b[39m \u001b[32m'../../../src/db/migrations'\u001b[39m\u001b[33m,\u001b[39m file)\u001b[33m;\u001b[39m\n     \u001b[90m 33 |\u001b[39m         \u001b[36mconst\u001b[39m sql \u001b[33m=\u001b[39m fs\u001b[33m.\u001b[39mreadFileSync(filePath\u001b[33m,\u001b[39m \u001b[32m'utf-8'\u001b[39m)\u001b[33m;\u001b[39m\n    \u001b[31m\u001b[1m>\u001b[22m\u001b[39m\u001b[90m 34 |\u001b[39m         \u001b[36mawait\u001b[39m pool\u001b[33m.\u001b[39mquery(sql)\u001b[33m;\u001b[39m\n     \u001b[90m    |\u001b[39m         \u001b[31m\u001b[1m^\u001b[22m\u001b[39m\n     \u001b[90m 35 |\u001b[39m     }\n     \u001b[90m 36 |\u001b[39m })\u001b[33m;\u001b[39m\n     \u001b[90m 37 |\u001b[39m\u001b[0m\n\n      at backend/node_modules/pg-pool/index.js:45:11\n      at Object.<anonymous> (backend/tests/unit/migrations/007_create_fail_login.test.js:34:9)\n\n  ● Migration: 007_create_fail_login › Boundary Case (Unwanted): Should remain locked and keep incrementing if attempts > 5\n\n    getaddrinfo ENOTFOUND db.exuuhghnjcihypchzmym.supabase.co\n\n    \u001b[0m \u001b[90m 32 |\u001b[39m         \u001b[36mconst\u001b[39m filePath \u001b[33m=\u001b[39m path\u001b[33m.\u001b[39mjoin(__dirname\u001b[33m,\u001b[39m \u001b[32m'../../../src/db/migrations'\u001b[39m\u001b[33m,\u001b[39m file)\u001b[33m;\u001b[39m\n     \u001b[90m 33 |\u001b[39m         \u001b[36mconst\u001b[39m sql \u001b[33m=\u001b[39m fs\u001b[33m.\u001b[39mreadFileSync(filePath\u001b[33m,\u001b[39m \u001b[32m'utf-8'\u001b[39m)\u001b[33m;\u001b[39m\n    \u001b[31m\u001b[1m>\u001b[22m\u001b[39m\u001b[90m 34 |\u001b[39m         \u001b[36mawait\u001b[39m pool\u001b[33m.\u001b[39mquery(sql)\u001b[33m;\u001b[39m\n     \u001b[90m    |\u001b[39m         \u001b[31m\u001b[1m^\u001b[22m\u001b[39m\n     \u001b[90m 35 |\u001b[39m     }\n     \u001b[90m 36 |\u001b[39m })\u001b[33m;\u001b[39m\n     \u001b[90m 37 |\u001b[39m\u001b[0m\n\n      at backend/node_modules/pg-pool/index.js:45:11\n      at Object.<anonymous> (backend/tests/unit/migrations/007_create_fail_login.test.js:34:9)\n\n\n  ● Test suite failed to run\n\n    getaddrinfo ENOTFOUND db.exuuhghnjcihypchzmym.supabase.co\n\n    \u001b[0m \u001b[90m 38 |\u001b[39m afterAll(\u001b[36masync\u001b[39m () \u001b[33m=>\u001b[39m {\n     \u001b[90m 39 |\u001b[39m     \u001b[90m// Dọn dẹp DB sau khi test\u001b[39m\n    \u001b[31m\u001b[1m>\u001b[22m\u001b[39m\u001b[90m 40 |\u001b[39m     \u001b[36mawait\u001b[39m pool\u001b[33m.\u001b[39mquery(\u001b[32m'DROP FUNCTION IF EXISTS handle_failed_login(UUID);'\u001b[39m)\u001b[33m;\u001b[39m\n     \u001b[90m    |\u001b[39m     \u001b[31m\u001b[1m^\u001b[22m\u001b[39m\n     \u001b[90m 41 |\u001b[39m     \u001b[36mawait\u001b[39m pool\u001b[33m.\u001b[39mquery(\u001b[32m'DROP TABLE IF EXISTS users CASCADE;'\u001b[39m)\u001b[33m;\u001b[39m\n     \u001b[90m 42 |\u001b[39m     \u001b[36mawait\u001b[39m pool\u001b[33m.\u001b[39mquery(\u001b[32m'DROP TYPE IF EXISTS log_action CASCADE;'\u001b[39m)\u001b[33m;\u001b[39m\n     \u001b[90m 43 |\u001b[39m     \u001b[36mawait\u001b[39m pool\u001b[33m.\u001b[39mquery(\u001b[32m'DROP TYPE IF EXISTS user_role CASCADE;'\u001b[39m)\u001b[33m;\u001b[39m\u001b[0m\n\n      at backend/node_modules/pg-pool/index.js:45:11\n      at Object.<anonymous> (backend/tests/unit/migrations/007_create_fail_login.test.js:40:5)\n","name":"C:\\Users\\ADMIN\\OneDrive\\Desktop\\WorkSpace\\Kì 5\\ielts-elearning-platform\\backend\\tests\\unit\\migrations\\007_create_fail_login.test.js","startTime":1780361565365,"status":"failed","summary":""},{"assertionResults":[{"ancestorTitles":["Migration: 008_create_succ_login"],"duration":10,"failureDetails":[{"errno":-3008,"code":"ENOTFOUND","syscall":"getaddrinfo","hostname":"db.exuuhghnjcihypchzmym.supabase.co"}],"failureMessages":["Error: getaddrinfo ENOTFOUND db.exuuhghnjcihypchzmym.supabase.co\n    at C:\\Users\\ADMIN\\OneDrive\\Desktop\\WorkSpace\\Kì 5\\ielts-elearning-platform\\backend\\node_modules\\pg-pool\\index.js:45:11\n    at processTicksAndRejections (node:internal/process/task_queues:105:5)\n    at Object.<anonymous> (C:\\Users\\ADMIN\\OneDrive\\Desktop\\WorkSpace\\Kì 5\\ielts-elearning-platform\\backend\\tests\\unit\\migrations\\008_create_succ_login.test.js:34:9)"],"fullName":"Migration: 008_create_succ_login Happy Path: Should reset failed_login_attempts to 0 and update last_login_at","invocations":1,"location":null,"numPassingAsserts":0,"retryReasons":[],"status":"failed","title":"Happy Path: Should reset failed_login_attempts to 0 and update last_login_at"},{"ancestorTitles":["Migration: 008_create_succ_login"],"duration":0,"failureDetails":[{"errno":-3008,"code":"ENOTFOUND","syscall":"getaddrinfo","hostname":"db.exuuhghnjcihypchzmym.supabase.co"}],"failureMessages":["Error: getaddrinfo ENOTFOUND db.exuuhghnjcihypchzmym.supabase.co\n    at C:\\Users\\ADMIN\\OneDrive\\Desktop\\WorkSpace\\Kì 5\\ielts-elearning-platform\\backend\\node_modules\\pg-pool\\index.js:45:11\n    at processTicksAndRejections (node:internal/process/task_queues:105:5)\n    at Object.<anonymous> (C:\\Users\\ADMIN\\OneDrive\\Desktop\\WorkSpace\\Kì 5\\ielts-elearning-platform\\backend\\tests\\unit\\migrations\\008_create_succ_login.test.js:34:9)"],"fullName":"Migration: 008_create_succ_login Boundary Case (Recovery): Should set locked_until to NULL and status to active if currently inactive","invocations":1,"location":null,"numPassingAsserts":0,"retryReasons":[],"status":"failed","title":"Boundary Case (Recovery): Should set locked_until to NULL and status to active if currently inactive"},{"ancestorTitles":["Migration: 008_create_succ_login"],"duration":0,"failureDetails":[{"errno":-3008,"code":"ENOTFOUND","syscall":"getaddrinfo","hostname":"db.exuuhghnjcihypchzmym.supabase.co"}],"failureMessages":["Error: getaddrinfo ENOTFOUND db.exuuhghnjcihypchzmym.supabase.co\n    at C:\\Users\\ADMIN\\OneDrive\\Desktop\\WorkSpace\\Kì 5\\ielts-elearning-platform\\backend\\node_modules\\pg-pool\\index.js:45:11\n    at processTicksAndRejections (node:internal/process/task_queues:105:5)\n    at Object.<anonymous> (C:\\Users\\ADMIN\\OneDrive\\Desktop\\WorkSpace\\Kì 5\\ielts-elearning-platform\\backend\\tests\\unit\\migrations\\008_create_succ_login.test.js:34:9)"],"fullName":"Migration: 008_create_succ_login Boundary Case (No-op): Should not change status if it is pending or banned","invocations":1,"location":null,"numPassingAsserts":0,"retryReasons":[],"status":"failed","title":"Boundary Case (No-op): Should not change status if it is pending or banned"}],"coverage":{},"endTime":1780361565365,"message":"  ● Migration: 008_create_succ_login › Happy Path: Should reset failed_login_attempts to 0 and update last_login_at\n\n    getaddrinfo ENOTFOUND db.exuuhghnjcihypchzmym.supabase.co\n\n    \u001b[0m \u001b[90m 32 |\u001b[39m         \u001b[36mconst\u001b[39m filePath \u001b[33m=\u001b[39m path\u001b[33m.\u001b[39mjoin(__dirname\u001b[33m,\u001b[39m \u001b[32m'../../../src/db/migrations'\u001b[39m\u001b[33m,\u001b[39m file)\u001b[33m;\u001b[39m\n     \u001b[90m 33 |\u001b[39m         \u001b[36mconst\u001b[39m sql \u001b[33m=\u001b[39m fs\u001b[33m.\u001b[39mreadFileSync(filePath\u001b[33m,\u001b[39m \u001b[32m'utf-8'\u001b[39m)\u001b[33m;\u001b[39m\n    \u001b[31m\u001b[1m>\u001b[22m\u001b[39m\u001b[90m 34 |\u001b[39m         \u001b[36mawait\u001b[39m pool\u001b[33m.\u001b[39mquery(sql)\u001b[33m;\u001b[39m\n     \u001b[90m    |\u001b[39m         \u001b[31m\u001b[1m^\u001b[22m\u001b[39m\n     \u001b[90m 35 |\u001b[39m     }\n     \u001b[90m 36 |\u001b[39m })\u001b[33m;\u001b[39m\n     \u001b[90m 37 |\u001b[39m\u001b[0m\n\n      at backend/node_modules/pg-pool/index.js:45:11\n      at Object.<anonymous> (backend/tests/unit/migrations/008_create_succ_login.test.js:34:9)\n\n  ● Migration: 008_create_succ_login › Boundary Case (Recovery): Should set locked_until to NULL and status to active if currently inactive\n\n    getaddrinfo ENOTFOUND db.exuuhghnjcihypchzmym.supabase.co\n\n    \u001b[0m \u001b[90m 32 |\u001b[39m         \u001b[36mconst\u001b[39m filePath \u001b[33m=\u001b[39m path\u001b[33m.\u001b[39mjoin(__dirname\u001b[33m,\u001b[39m \u001b[32m'../../../src/db/migrations'\u001b[39m\u001b[33m,\u001b[39m file)\u001b[33m;\u001b[39m\n     \u001b[90m 33 |\u001b[39m         \u001b[36mconst\u001b[39m sql \u001b[33m=\u001b[39m fs\u001b[33m.\u001b[39mreadFileSync(filePath\u001b[33m,\u001b[39m \u001b[32m'utf-8'\u001b[39m)\u001b[33m;\u001b[39m\n    \u001b[31m\u001b[1m>\u001b[22m\u001b[39m\u001b[90m 34 |\u001b[39m         \u001b[36mawait\u001b[39m pool\u001b[33m.\u001b[39mquery(sql)\u001b[33m;\u001b[39m\n     \u001b[90m    |\u001b[39m         \u001b[31m\u001b[1m^\u001b[22m\u001b[39m\n     \u001b[90m 35 |\u001b[39m     }\n     \u001b[90m 36 |\u001b[39m })\u001b[33m;\u001b[39m\n     \u001b[90m 37 |\u001b[39m\u001b[0m\n\n      at backend/node_modules/pg-pool/index.js:45:11\n      at Object.<anonymous> (backend/tests/unit/migrations/008_create_succ_login.test.js:34:9)\n\n  ● Migration: 008_create_succ_login › Boundary Case (No-op): Should not change status if it is pending or banned\n\n    getaddrinfo ENOTFOUND db.exuuhghnjcihypchzmym.supabase.co\n\n    \u001b[0m \u001b[90m 32 |\u001b[39m         \u001b[36mconst\u001b[39m filePath \u001b[33m=\u001b[39m path\u001b[33m.\u001b[39mjoin(__dirname\u001b[33m,\u001b[39m \u001b[32m'../../../src/db/migrations'\u001b[39m\u001b[33m,\u001b[39m file)\u001b[33m;\u001b[39m\n     \u001b[90m 33 |\u001b[39m         \u001b[36mconst\u001b[39m sql \u001b[33m=\u001b[39m fs\u001b[33m.\u001b[39mreadFileSync(filePath\u001b[33m,\u001b[39m \u001b[32m'utf-8'\u001b[39m)\u001b[33m;\u001b[39m\n    \u001b[31m\u001b[1m>\u001b[22m\u001b[39m\u001b[90m 34 |\u001b[39m         \u001b[36mawait\u001b[39m pool\u001b[33m.\u001b[39mquery(sql)\u001b[33m;\u001b[39m\n     \u001b[90m    |\u001b[39m         \u001b[31m\u001b[1m^\u001b[22m\u001b[39m\n     \u001b[90m 35 |\u001b[39m     }\n     \u001b[90m 36 |\u001b[39m })\u001b[33m;\u001b[39m\n     \u001b[90m 37 |\u001b[39m\u001b[0m\n\n      at backend/node_modules/pg-pool/index.js:45:11\n      at Object.<anonymous> (backend/tests/unit/migrations/008_create_succ_login.test.js:34:9)\n\n\n  ● Test suite failed to run\n\n    getaddrinfo ENOTFOUND db.exuuhghnjcihypchzmym.supabase.co\n\n    \u001b[0m \u001b[90m 38 |\u001b[39m afterAll(\u001b[36masync\u001b[39m () \u001b[33m=>\u001b[39m {\n     \u001b[90m 39 |\u001b[39m     \u001b[90m// Dọn dẹp DB sau khi test\u001b[39m\n    \u001b[31m\u001b[1m>\u001b[22m\u001b[39m\u001b[90m 40 |\u001b[39m     \u001b[36mawait\u001b[39m pool\u001b[33m.\u001b[39mquery(\u001b[32m'DROP FUNCTION IF EXISTS handle_successful_login(UUID);'\u001b[39m)\u001b[33m;\u001b[39m\n     \u001b[90m    |\u001b[39m     \u001b[31m\u001b[1m^\u001b[22m\u001b[39m\n     \u001b[90m 41 |\u001b[39m     \u001b[36mawait\u001b[39m pool\u001b[33m.\u001b[39mquery(\u001b[32m'DROP FUNCTION IF EXISTS handle_failed_login(UUID);'\u001b[39m)\u001b[33m;\u001b[39m\n     \u001b[90m 42 |\u001b[39m     \u001b[36mawait\u001b[39m pool\u001b[33m.\u001b[39mquery(\u001b[32m'DROP TABLE IF EXISTS users CASCADE;'\u001b[39m)\u001b[33m;\u001b[39m\n     \u001b[90m 43 |\u001b[39m     \u001b[36mawait\u001b[39m pool\u001b[33m.\u001b[39mquery(\u001b[32m'DROP TYPE IF EXISTS log_action CASCADE;'\u001b[39m)\u001b[33m;\u001b[39m\u001b[0m\n\n      at backend/node_modules/pg-pool/index.js:45:11\n      at Object.<anonymous> (backend/tests/unit/migrations/008_create_succ_login.test.js:40:5)\n","name":"C:\\Users\\ADMIN\\OneDrive\\Desktop\\WorkSpace\\Kì 5\\ielts-elearning-platform\\backend\\tests\\unit\\migrations\\008_create_succ_login.test.js","startTime":1780361565365,"status":"failed","summary":""},{"assertionResults":[{"ancestorTitles":["Migration: 004_create_pwd_history.sql","Happy Path"],"duration":18,"failureDetails":[{"errno":-3008,"code":"ENOTFOUND","syscall":"getaddrinfo","hostname":"db.exuuhghnjcihypchzmym.supabase.co"},{"errno":-3008,"code":"ENOTFOUND","syscall":"getaddrinfo","hostname":"db.exuuhghnjcihypchzmym.supabase.co"}],"failureMessages":["Error: getaddrinfo ENOTFOUND db.exuuhghnjcihypchzmym.supabase.co\n    at C:\\Users\\ADMIN\\OneDrive\\Desktop\\WorkSpace\\Kì 5\\ielts-elearning-platform\\backend\\node_modules\\pg-pool\\index.js:45:11\n    at processTicksAndRejections (node:internal/process/task_queues:105:5)\n    at Object.<anonymous> (C:\\Users\\ADMIN\\OneDrive\\Desktop\\WorkSpace\\Kì 5\\ielts-elearning-platform\\backend\\tests\\unit\\db\\004_create_pwd_history.test.js:21:5)","Error: getaddrinfo ENOTFOUND db.exuuhghnjcihypchzmym.supabase.co\n    at C:\\Users\\ADMIN\\OneDrive\\Desktop\\WorkSpace\\Kì 5\\ielts-elearning-platform\\backend\\node_modules\\pg-pool\\index.js:45:11\n    at processTicksAndRejections (node:internal/process/task_queues:105:5)\n    at Object.<anonymous> (C:\\Users\\ADMIN\\OneDrive\\Desktop\\WorkSpace\\Kì 5\\ielts-elearning-platform\\backend\\tests\\unit\\db\\004_create_pwd_history.test.js:44:5)"],"fullName":"Migration: 004_create_pwd_history.sql Happy Path should successfully insert a valid password history record","invocations":1,"location":null,"numPassingAsserts":0,"retryReasons":[],"status":"failed","title":"should successfully insert a valid password history record"},{"ancestorTitles":["Migration: 004_create_pwd_history.sql","Error Cases (Boundary & Constraints)"],"duration":2,"failureDetails":[{"errno":-3008,"code":"ENOTFOUND","syscall":"getaddrinfo","hostname":"db.exuuhghnjcihypchzmym.supabase.co"},{"errno":-3008,"code":"ENOTFOUND","syscall":"getaddrinfo","hostname":"db.exuuhghnjcihypchzmym.supabase.co"}],"failureMessages":["Error: getaddrinfo ENOTFOUND db.exuuhghnjcihypchzmym.supabase.co\n    at C:\\Users\\ADMIN\\OneDrive\\Desktop\\WorkSpace\\Kì 5\\ielts-elearning-platform\\backend\\node_modules\\pg-pool\\index.js:45:11\n    at processTicksAndRejections (node:internal/process/task_queues:105:5)\n    at Object.<anonymous> (C:\\Users\\ADMIN\\OneDrive\\Desktop\\WorkSpace\\Kì 5\\ielts-elearning-platform\\backend\\tests\\unit\\db\\004_create_pwd_history.test.js:21:5)","Error: getaddrinfo ENOTFOUND db.exuuhghnjcihypchzmym.supabase.co\n    at C:\\Users\\ADMIN\\OneDrive\\Desktop\\WorkSpace\\Kì 5\\ielts-elearning-platform\\backend\\node_modules\\pg-pool\\index.js:45:11\n    at processTicksAndRejections (node:internal/process/task_queues:105:5)\n    at Object.<anonymous> (C:\\Users\\ADMIN\\OneDrive\\Desktop\\WorkSpace\\Kì 5\\ielts-elearning-platform\\backend\\tests\\unit\\db\\004_create_pwd_history.test.js:44:5)"],"fullName":"Migration: 004_create_pwd_history.sql Error Cases (Boundary & Constraints) should throw error when inserting with non-existent user_id (Foreign Key constraint)","invocations":1,"location":null,"numPassingAsserts":0,"retryReasons":[],"status":"failed","title":"should throw error when inserting with non-existent user_id (Foreign Key constraint)"},{"ancestorTitles":["Migration: 004_create_pwd_history.sql","Error Cases (Boundary & Constraints)"],"duration":2,"failureDetails":[{"errno":-3008,"code":"ENOTFOUND","syscall":"getaddrinfo","hostname":"db.exuuhghnjcihypchzmym.supabase.co"},{"errno":-3008,"code":"ENOTFOUND","syscall":"getaddrinfo","hostname":"db.exuuhghnjcihypchzmym.supabase.co"}],"failureMessages":["Error: getaddrinfo ENOTFOUND db.exuuhghnjcihypchzmym.supabase.co\n    at C:\\Users\\ADMIN\\OneDrive\\Desktop\\WorkSpace\\Kì 5\\ielts-elearning-platform\\backend\\node_modules\\pg-pool\\index.js:45:11\n    at processTicksAndRejections (node:internal/process/task_queues:105:5)\n    at Object.<anonymous> (C:\\Users\\ADMIN\\OneDrive\\Desktop\\WorkSpace\\Kì 5\\ielts-elearning-platform\\backend\\tests\\unit\\db\\004_create_pwd_history.test.js:21:5)","Error: getaddrinfo ENOTFOUND db.exuuhghnjcihypchzmym.supabase.co\n    at C:\\Users\\ADMIN\\OneDrive\\Desktop\\WorkSpace\\Kì 5\\ielts-elearning-platform\\backend\\node_modules\\pg-pool\\index.js:45:11\n    at processTicksAndRejections (node:internal/process/task_queues:105:5)\n    at Object.<anonymous> (C:\\Users\\ADMIN\\OneDrive\\Desktop\\WorkSpace\\Kì 5\\ielts-elearning-platform\\backend\\tests\\unit\\db\\004_create_pwd_history.test.js:44:5)"],"fullName":"Migration: 004_create_pwd_history.sql Error Cases (Boundary & Constraints) should throw error when inserting invalid INET value","invocations":1,"location":null,"numPassingAsserts":0,"retryReasons":[],"status":"failed","title":"should throw error when inserting invalid INET value"},{"ancestorTitles":["Migration: 004_create_pwd_history.sql","Error Cases (Boundary & Constraints)"],"duration":7,"failureDetails":[{"errno":-3008,"code":"ENOTFOUND","syscall":"getaddrinfo","hostname":"db.exuuhghnjcihypchzmym.supabase.co"},{"errno":-3008,"code":"ENOTFOUND","syscall":"getaddrinfo","hostname":"db.exuuhghnjcihypchzmym.supabase.co"}],"failureMessages":["Error: getaddrinfo ENOTFOUND db.exuuhghnjcihypchzmym.supabase.co\n    at C:\\Users\\ADMIN\\OneDrive\\Desktop\\WorkSpace\\Kì 5\\ielts-elearning-platform\\backend\\node_modules\\pg-pool\\index.js:45:11\n    at processTicksAndRejections (node:internal/process/task_queues:105:5)\n    at Object.<anonymous> (C:\\Users\\ADMIN\\OneDrive\\Desktop\\WorkSpace\\Kì 5\\ielts-elearning-platform\\backend\\tests\\unit\\db\\004_create_pwd_history.test.js:21:5)","Error: getaddrinfo ENOTFOUND db.exuuhghnjcihypchzmym.supabase.co\n    at C:\\Users\\ADMIN\\OneDrive\\Desktop\\WorkSpace\\Kì 5\\ielts-elearning-platform\\backend\\node_modules\\pg-pool\\index.js:45:11\n    at processTicksAndRejections (node:internal/process/task_queues:105:5)\n    at Object.<anonymous> (C:\\Users\\ADMIN\\OneDrive\\Desktop\\WorkSpace\\Kì 5\\ielts-elearning-platform\\backend\\tests\\unit\\db\\004_create_pwd_history.test.js:44:5)"],"fullName":"Migration: 004_create_pwd_history.sql Error Cases (Boundary & Constraints) should throw error when inserting invalid reason (Enum constraint)","invocations":1,"location":null,"numPassingAsserts":0,"retryReasons":[],"status":"failed","title":"should throw error when inserting invalid reason (Enum constraint)"},{"ancestorTitles":["Migration: 004_create_pwd_history.sql","Error Cases (Boundary & Constraints)"],"duration":8,"failureDetails":[{"errno":-3008,"code":"ENOTFOUND","syscall":"getaddrinfo","hostname":"db.exuuhghnjcihypchzmym.supabase.co"},{"errno":-3008,"code":"ENOTFOUND","syscall":"getaddrinfo","hostname":"db.exuuhghnjcihypchzmym.supabase.co"}],"failureMessages":["Error: getaddrinfo ENOTFOUND db.exuuhghnjcihypchzmym.supabase.co\n    at C:\\Users\\ADMIN\\OneDrive\\Desktop\\WorkSpace\\Kì 5\\ielts-elearning-platform\\backend\\node_modules\\pg-pool\\index.js:45:11\n    at processTicksAndRejections (node:internal/process/task_queues:105:5)\n    at Object.<anonymous> (C:\\Users\\ADMIN\\OneDrive\\Desktop\\WorkSpace\\Kì 5\\ielts-elearning-platform\\backend\\tests\\unit\\db\\004_create_pwd_history.test.js:21:5)","Error: getaddrinfo ENOTFOUND db.exuuhghnjcihypchzmym.supabase.co\n    at C:\\Users\\ADMIN\\OneDrive\\Desktop\\WorkSpace\\Kì 5\\ielts-elearning-platform\\backend\\node_modules\\pg-pool\\index.js:45:11\n    at processTicksAndRejections (node:internal/process/task_queues:105:5)\n    at Object.<anonymous> (C:\\Users\\ADMIN\\OneDrive\\Desktop\\WorkSpace\\Kì 5\\ielts-elearning-platform\\backend\\tests\\unit\\db\\004_create_pwd_history.test.js:44:5)"],"fullName":"Migration: 004_create_pwd_history.sql Error Cases (Boundary & Constraints) should enforce NOT NULL on required fields","invocations":1,"location":null,"numPassingAsserts":0,"retryReasons":[],"status":"failed","title":"should enforce NOT NULL on required fields"}],"coverage":{},"endTime":1780361565365,"message":"  ● Migration: 004_create_pwd_history.sql › Happy Path › should successfully insert a valid password history record\n\n    getaddrinfo ENOTFOUND db.exuuhghnjcihypchzmym.supabase.co\n\n    \u001b[0m \u001b[90m 19 |\u001b[39m     \u001b[36mconst\u001b[39m pwdHistoryMigration \u001b[33m=\u001b[39m fs\u001b[33m.\u001b[39mreadFileSync(path\u001b[33m.\u001b[39mjoin(__dirname\u001b[33m,\u001b[39m \u001b[32m'../../../src/db/migrations/004_create_pwd_history.sql'\u001b[39m)\u001b[33m,\u001b[39m \u001b[32m'utf-8'\u001b[39m)\u001b[33m;\u001b[39m\n     \u001b[90m 20 |\u001b[39m     \n    \u001b[31m\u001b[1m>\u001b[22m\u001b[39m\u001b[90m 21 |\u001b[39m     \u001b[36mawait\u001b[39m pool\u001b[33m.\u001b[39mquery(enumsMigration)\u001b[33m;\u001b[39m\n     \u001b[90m    |\u001b[39m     \u001b[31m\u001b[1m^\u001b[22m\u001b[39m\n     \u001b[90m 22 |\u001b[39m     \u001b[36mawait\u001b[39m pool\u001b[33m.\u001b[39mquery(usersMigration)\u001b[33m;\u001b[39m\n     \u001b[90m 23 |\u001b[39m     \u001b[36mawait\u001b[39m pool\u001b[33m.\u001b[39mquery(\u001b[32m'DROP TABLE IF EXISTS password_history CASCADE'\u001b[39m)\u001b[33m;\u001b[39m\n     \u001b[90m 24 |\u001b[39m     \u001b[36mawait\u001b[39m pool\u001b[33m.\u001b[39mquery(pwdHistoryMigration)\u001b[33m;\u001b[39m\u001b[0m\n\n      at backend/node_modules/pg-pool/index.js:45:11\n      at Object.<anonymous> (backend/tests/unit/db/004_create_pwd_history.test.js:21:5)\n\n  ● Migration: 004_create_pwd_history.sql › Happy Path › should successfully insert a valid password history record\n\n    getaddrinfo ENOTFOUND db.exuuhghnjcihypchzmym.supabase.co\n\n    \u001b[0m \u001b[90m 42 |\u001b[39m\n     \u001b[90m 43 |\u001b[39m   afterEach(\u001b[36masync\u001b[39m () \u001b[33m=>\u001b[39m {\n    \u001b[31m\u001b[1m>\u001b[22m\u001b[39m\u001b[90m 44 |\u001b[39m     \u001b[36mawait\u001b[39m pool\u001b[33m.\u001b[39mquery(\u001b[32m'DELETE FROM password_history'\u001b[39m)\u001b[33m;\u001b[39m\n     \u001b[90m    |\u001b[39m     \u001b[31m\u001b[1m^\u001b[22m\u001b[39m\n     \u001b[90m 45 |\u001b[39m   })\u001b[33m;\u001b[39m\n     \u001b[90m 46 |\u001b[39m\n     \u001b[90m 47 |\u001b[39m   describe(\u001b[32m'Happy Path'\u001b[39m\u001b[33m,\u001b[39m () \u001b[33m=>\u001b[39m {\u001b[0m\n\n      at backend/node_modules/pg-pool/index.js:45:11\n      at Object.<anonymous> (backend/tests/unit/db/004_create_pwd_history.test.js:44:5)\n\n  ● Migration: 004_create_pwd_history.sql › Error Cases (Boundary & Constraints) › should throw error when inserting with non-existent user_id (Foreign Key constraint)\n\n    getaddrinfo ENOTFOUND db.exuuhghnjcihypchzmym.supabase.co\n\n    \u001b[0m \u001b[90m 19 |\u001b[39m     \u001b[36mconst\u001b[39m pwdHistoryMigration \u001b[33m=\u001b[39m fs\u001b[33m.\u001b[39mreadFileSync(path\u001b[33m.\u001b[39mjoin(__dirname\u001b[33m,\u001b[39m \u001b[32m'../../../src/db/migrations/004_create_pwd_history.sql'\u001b[39m)\u001b[33m,\u001b[39m \u001b[32m'utf-8'\u001b[39m)\u001b[33m;\u001b[39m\n     \u001b[90m 20 |\u001b[39m     \n    \u001b[31m\u001b[1m>\u001b[22m\u001b[39m\u001b[90m 21 |\u001b[39m     \u001b[36mawait\u001b[39m pool\u001b[33m.\u001b[39mquery(enumsMigration)\u001b[33m;\u001b[39m\n     \u001b[90m    |\u001b[39m     \u001b[31m\u001b[1m^\u001b[22m\u001b[39m\n     \u001b[90m 22 |\u001b[39m     \u001b[36mawait\u001b[39m pool\u001b[33m.\u001b[39mquery(usersMigration)\u001b[33m;\u001b[39m\n     \u001b[90m 23 |\u001b[39m     \u001b[36mawait\u001b[39m pool\u001b[33m.\u001b[39mquery(\u001b[32m'DROP TABLE IF EXISTS password_history CASCADE'\u001b[39m)\u001b[33m;\u001b[39m\n     \u001b[90m 24 |\u001b[39m     \u001b[36mawait\u001b[39m pool\u001b[33m.\u001b[39mquery(pwdHistoryMigration)\u001b[33m;\u001b[39m\u001b[0m\n\n      at backend/node_modules/pg-pool/index.js:45:11\n      at Object.<anonymous> (backend/tests/unit/db/004_create_pwd_history.test.js:21:5)\n\n  ● Migration: 004_create_pwd_history.sql › Error Cases (Boundary & Constraints) › should throw error when inserting with non-existent user_id (Foreign Key constraint)\n\n    getaddrinfo ENOTFOUND db.exuuhghnjcihypchzmym.supabase.co\n\n    \u001b[0m \u001b[90m 42 |\u001b[39m\n     \u001b[90m 43 |\u001b[39m   afterEach(\u001b[36masync\u001b[39m () \u001b[33m=>\u001b[39m {\n    \u001b[31m\u001b[1m>\u001b[22m\u001b[39m\u001b[90m 44 |\u001b[39m     \u001b[36mawait\u001b[39m pool\u001b[33m.\u001b[39mquery(\u001b[32m'DELETE FROM password_history'\u001b[39m)\u001b[33m;\u001b[39m\n     \u001b[90m    |\u001b[39m     \u001b[31m\u001b[1m^\u001b[22m\u001b[39m\n     \u001b[90m 45 |\u001b[39m   })\u001b[33m;\u001b[39m\n     \u001b[90m 46 |\u001b[39m\n     \u001b[90m 47 |\u001b[39m   describe(\u001b[32m'Happy Path'\u001b[39m\u001b[33m,\u001b[39m () \u001b[33m=>\u001b[39m {\u001b[0m\n\n      at backend/node_modules/pg-pool/index.js:45:11\n      at Object.<anonymous> (backend/tests/unit/db/004_create_pwd_history.test.js:44:5)\n\n  ● Migration: 004_create_pwd_history.sql › Error Cases (Boundary & Constraints) › should throw error when inserting invalid INET value\n\n    getaddrinfo ENOTFOUND db.exuuhghnjcihypchzmym.supabase.co\n\n    \u001b[0m \u001b[90m 19 |\u001b[39m     \u001b[36mconst\u001b[39m pwdHistoryMigration \u001b[33m=\u001b[39m fs\u001b[33m.\u001b[39mreadFileSync(path\u001b[33m.\u001b[39mjoin(__dirname\u001b[33m,\u001b[39m \u001b[32m'../../../src/db/migrations/004_create_pwd_history.sql'\u001b[39m)\u001b[33m,\u001b[39m \u001b[32m'utf-8'\u001b[39m)\u001b[33m;\u001b[39m\n     \u001b[90m 20 |\u001b[39m     \n    \u001b[31m\u001b[1m>\u001b[22m\u001b[39m\u001b[90m 21 |\u001b[39m     \u001b[36mawait\u001b[39m pool\u001b[33m.\u001b[39mquery(enumsMigration)\u001b[33m;\u001b[39m\n     \u001b[90m    |\u001b[39m     \u001b[31m\u001b[1m^\u001b[22m\u001b[39m\n     \u001b[90m 22 |\u001b[39m     \u001b[36mawait\u001b[39m pool\u001b[33m.\u001b[39mquery(usersMigration)\u001b[33m;\u001b[39m\n     \u001b[90m 23 |\u001b[39m     \u001b[36mawait\u001b[39m pool\u001b[33m.\u001b[39mquery(\u001b[32m'DROP TABLE IF EXISTS password_history CASCADE'\u001b[39m)\u001b[33m;\u001b[39m\n     \u001b[90m 24 |\u001b[39m     \u001b[36mawait\u001b[39m pool\u001b[33m.\u001b[39mquery(pwdHistoryMigration)\u001b[33m;\u001b[39m\u001b[0m\n\n      at backend/node_modules/pg-pool/index.js:45:11\n      at Object.<anonymous> (backend/tests/unit/db/004_create_pwd_history.test.js:21:5)\n\n  ● Migration: 004_create_pwd_history.sql › Error Cases (Boundary & Constraints) › should throw error when inserting invalid INET value\n\n    getaddrinfo ENOTFOUND db.exuuhghnjcihypchzmym.supabase.co\n\n    \u001b[0m \u001b[90m 42 |\u001b[39m\n     \u001b[90m 43 |\u001b[39m   afterEach(\u001b[36masync\u001b[39m () \u001b[33m=>\u001b[39m {\n    \u001b[31m\u001b[1m>\u001b[22m\u001b[39m\u001b[90m 44 |\u001b[39m     \u001b[36mawait\u001b[39m pool\u001b[33m.\u001b[39mquery(\u001b[32m'DELETE FROM password_history'\u001b[39m)\u001b[33m;\u001b[39m\n     \u001b[90m    |\u001b[39m     \u001b[31m\u001b[1m^\u001b[22m\u001b[39m\n     \u001b[90m 45 |\u001b[39m   })\u001b[33m;\u001b[39m\n     \u001b[90m 46 |\u001b[39m\n     \u001b[90m 47 |\u001b[39m   describe(\u001b[32m'Happy Path'\u001b[39m\u001b[33m,\u001b[39m () \u001b[33m=>\u001b[39m {\u001b[0m\n\n      at backend/node_modules/pg-pool/index.js:45:11\n      at Object.<anonymous> (backend/tests/unit/db/004_create_pwd_history.test.js:44:5)\n\n  ● Migration: 004_create_pwd_history.sql › Error Cases (Boundary & Constraints) › should throw error when inserting invalid reason (Enum constraint)\n\n    getaddrinfo ENOTFOUND db.exuuhghnjcihypchzmym.supabase.co\n\n    \u001b[0m \u001b[90m 19 |\u001b[39m     \u001b[36mconst\u001b[39m pwdHistoryMigration \u001b[33m=\u001b[39m fs\u001b[33m.\u001b[39mreadFileSync(path\u001b[33m.\u001b[39mjoin(__dirname\u001b[33m,\u001b[39m \u001b[32m'../../../src/db/migrations/004_create_pwd_history.sql'\u001b[39m)\u001b[33m,\u001b[39m \u001b[32m'utf-8'\u001b[39m)\u001b[33m;\u001b[39m\n     \u001b[90m 20 |\u001b[39m     \n    \u001b[31m\u001b[1m>\u001b[22m\u001b[39m\u001b[90m 21 |\u001b[39m     \u001b[36mawait\u001b[39m pool\u001b[33m.\u001b[39mquery(enumsMigration)\u001b[33m;\u001b[39m\n     \u001b[90m    |\u001b[39m     \u001b[31m\u001b[1m^\u001b[22m\u001b[39m\n     \u001b[90m 22 |\u001b[39m     \u001b[36mawait\u001b[39m pool\u001b[33m.\u001b[39mquery(usersMigration)\u001b[33m;\u001b[39m\n     \u001b[90m 23 |\u001b[39m     \u001b[36mawait\u001b[39m pool\u001b[33m.\u001b[39mquery(\u001b[32m'DROP TABLE IF EXISTS password_history CASCADE'\u001b[39m)\u001b[33m;\u001b[39m\n     \u001b[90m 24 |\u001b[39m     \u001b[36mawait\u001b[39m pool\u001b[33m.\u001b[39mquery(pwdHistoryMigration)\u001b[33m;\u001b[39m\u001b[0m\n\n      at backend/node_modules/pg-pool/index.js:45:11\n      at Object.<anonymous> (backend/tests/unit/db/004_create_pwd_history.test.js:21:5)\n\n  ● Migration: 004_create_pwd_history.sql › Error Cases (Boundary & Constraints) › should throw error when inserting invalid reason (Enum constraint)\n\n    getaddrinfo ENOTFOUND db.exuuhghnjcihypchzmym.supabase.co\n\n    \u001b[0m \u001b[90m 42 |\u001b[39m\n     \u001b[90m 43 |\u001b[39m   afterEach(\u001b[36masync\u001b[39m () \u001b[33m=>\u001b[39m {\n    \u001b[31m\u001b[1m>\u001b[22m\u001b[39m\u001b[90m 44 |\u001b[39m     \u001b[36mawait\u001b[39m pool\u001b[33m.\u001b[39mquery(\u001b[32m'DELETE FROM password_history'\u001b[39m)\u001b[33m;\u001b[39m\n     \u001b[90m    |\u001b[39m     \u001b[31m\u001b[1m^\u001b[22m\u001b[39m\n     \u001b[90m 45 |\u001b[39m   })\u001b[33m;\u001b[39m\n     \u001b[90m 46 |\u001b[39m\n     \u001b[90m 47 |\u001b[39m   describe(\u001b[32m'Happy Path'\u001b[39m\u001b[33m,\u001b[39m () \u001b[33m=>\u001b[39m {\u001b[0m\n\n      at backend/node_modules/pg-pool/index.js:45:11\n      at Object.<anonymous> (backend/tests/unit/db/004_create_pwd_history.test.js:44:5)\n\n  ● Migration: 004_create_pwd_history.sql › Error Cases (Boundary & Constraints) › should enforce NOT NULL on required fields\n\n    getaddrinfo ENOTFOUND db.exuuhghnjcihypchzmym.supabase.co\n\n    \u001b[0m \u001b[90m 19 |\u001b[39m     \u001b[36mconst\u001b[39m pwdHistoryMigration \u001b[33m=\u001b[39m fs\u001b[33m.\u001b[39mreadFileSync(path\u001b[33m.\u001b[39mjoin(__dirname\u001b[33m,\u001b[39m \u001b[32m'../../../src/db/migrations/004_create_pwd_history.sql'\u001b[39m)\u001b[33m,\u001b[39m \u001b[32m'utf-8'\u001b[39m)\u001b[33m;\u001b[39m\n     \u001b[90m 20 |\u001b[39m     \n    \u001b[31m\u001b[1m>\u001b[22m\u001b[39m\u001b[90m 21 |\u001b[39m     \u001b[36mawait\u001b[39m pool\u001b[33m.\u001b[39mquery(enumsMigration)\u001b[33m;\u001b[39m\n     \u001b[90m    |\u001b[39m     \u001b[31m\u001b[1m^\u001b[22m\u001b[39m\n     \u001b[90m 22 |\u001b[39m     \u001b[36mawait\u001b[39m pool\u001b[33m.\u001b[39mquery(usersMigration)\u001b[33m;\u001b[39m\n     \u001b[90m 23 |\u001b[39m     \u001b[36mawait\u001b[39m pool\u001b[33m.\u001b[39mquery(\u001b[32m'DROP TABLE IF EXISTS password_history CASCADE'\u001b[39m)\u001b[33m;\u001b[39m\n     \u001b[90m 24 |\u001b[39m     \u001b[36mawait\u001b[39m pool\u001b[33m.\u001b[39mquery(pwdHistoryMigration)\u001b[33m;\u001b[39m\u001b[0m\n\n      at backend/node_modules/pg-pool/index.js:45:11\n      at Object.<anonymous> (backend/tests/unit/db/004_create_pwd_history.test.js:21:5)\n\n  ● Migration: 004_create_pwd_history.sql › Error Cases (Boundary & Constraints) › should enforce NOT NULL on required fields\n\n    getaddrinfo ENOTFOUND db.exuuhghnjcihypchzmym.supabase.co\n\n    \u001b[0m \u001b[90m 42 |\u001b[39m\n     \u001b[90m 43 |\u001b[39m   afterEach(\u001b[36masync\u001b[39m () \u001b[33m=>\u001b[39m {\n    \u001b[31m\u001b[1m>\u001b[22m\u001b[39m\u001b[90m 44 |\u001b[39m     \u001b[36mawait\u001b[39m pool\u001b[33m.\u001b[39mquery(\u001b[32m'DELETE FROM password_history'\u001b[39m)\u001b[33m;\u001b[39m\n     \u001b[90m    |\u001b[39m     \u001b[31m\u001b[1m^\u001b[22m\u001b[39m\n     \u001b[90m 45 |\u001b[39m   })\u001b[33m;\u001b[39m\n     \u001b[90m 46 |\u001b[39m\n     \u001b[90m 47 |\u001b[39m   describe(\u001b[32m'Happy Path'\u001b[39m\u001b[33m,\u001b[39m () \u001b[33m=>\u001b[39m {\u001b[0m\n\n      at backend/node_modules/pg-pool/index.js:45:11\n      at Object.<anonymous> (backend/tests/unit/db/004_create_pwd_history.test.js:44:5)\n\n\n  ● Test suite failed to run\n\n    getaddrinfo ENOTFOUND db.exuuhghnjcihypchzmym.supabase.co\n\n    \u001b[0m \u001b[90m 37 |\u001b[39m   afterAll(\u001b[36masync\u001b[39m () \u001b[33m=>\u001b[39m {\n     \u001b[90m 38 |\u001b[39m     \u001b[90m// Clean up\u001b[39m\n    \u001b[31m\u001b[1m>\u001b[22m\u001b[39m\u001b[90m 39 |\u001b[39m     \u001b[36mawait\u001b[39m pool\u001b[33m.\u001b[39mquery(\u001b[32m'DELETE FROM users WHERE id = $1'\u001b[39m\u001b[33m,\u001b[39m [testUserId])\u001b[33m;\u001b[39m\n     \u001b[90m    |\u001b[39m     \u001b[31m\u001b[1m^\u001b[22m\u001b[39m\n     \u001b[90m 40 |\u001b[39m     \u001b[36mawait\u001b[39m pool\u001b[33m.\u001b[39mend()\u001b[33m;\u001b[39m\n     \u001b[90m 41 |\u001b[39m   })\u001b[33m;\u001b[39m\n     \u001b[90m 42 |\u001b[39m\u001b[0m\n\n      at backend/node_modules/pg-pool/index.js:45:11\n      at Object.<anonymous> (backend/tests/unit/db/004_create_pwd_history.test.js:39:5)\n","name":"C:\\Users\\ADMIN\\OneDrive\\Desktop\\WorkSpace\\Kì 5\\ielts-elearning-platform\\backend\\tests\\unit\\db\\004_create_pwd_history.test.js","startTime":1780361565365,"status":"failed","summary":""},{"assertionResults":[{"ancestorTitles":["T003 - Migration: Bảng users"],"duration":10,"failureDetails":[{"errno":-3008,"code":"ENOTFOUND","syscall":"getaddrinfo","hostname":"db.exuuhghnjcihypchzmym.supabase.co"}],"failureMessages":["Error: getaddrinfo ENOTFOUND db.exuuhghnjcihypchzmym.supabase.co\n    at C:\\Users\\ADMIN\\OneDrive\\Desktop\\WorkSpace\\Kì 5\\ielts-elearning-platform\\backend\\node_modules\\pg-pool\\index.js:45:11\n    at processTicksAndRejections (node:internal/process/task_queues:105:5)\n    at Object.<anonymous> (C:\\Users\\ADMIN\\OneDrive\\Desktop\\WorkSpace\\Kì 5\\ielts-elearning-platform\\backend\\tests\\unit\\db\\002_create_users.test.js:17:14)"],"fullName":"T003 - Migration: Bảng users Happy Path: Should insert a user successfully with valid defaults","invocations":1,"location":null,"numPassingAsserts":0,"retryReasons":[],"status":"failed","title":"Happy Path: Should insert a user successfully with valid defaults"},{"ancestorTitles":["T003 - Migration: Bảng users"],"duration":0,"failureDetails":[{"errno":-3008,"code":"ENOTFOUND","syscall":"getaddrinfo","hostname":"db.exuuhghnjcihypchzmym.supabase.co"}],"failureMessages":["Error: getaddrinfo ENOTFOUND db.exuuhghnjcihypchzmym.supabase.co\n    at C:\\Users\\ADMIN\\OneDrive\\Desktop\\WorkSpace\\Kì 5\\ielts-elearning-platform\\backend\\node_modules\\pg-pool\\index.js:45:11\n    at processTicksAndRejections (node:internal/process/task_queues:105:5)\n    at Object.<anonymous> (C:\\Users\\ADMIN\\OneDrive\\Desktop\\WorkSpace\\Kì 5\\ielts-elearning-platform\\backend\\tests\\unit\\db\\002_create_users.test.js:17:14)"],"fullName":"T003 - Migration: Bảng users Error Case: Should enforce UNIQUE email constraint","invocations":1,"location":null,"numPassingAsserts":0,"retryReasons":[],"status":"failed","title":"Error Case: Should enforce UNIQUE email constraint"},{"ancestorTitles":["T003 - Migration: Bảng users"],"duration":1,"failureDetails":[{"errno":-3008,"code":"ENOTFOUND","syscall":"getaddrinfo","hostname":"db.exuuhghnjcihypchzmym.supabase.co"}],"failureMessages":["Error: getaddrinfo ENOTFOUND db.exuuhghnjcihypchzmym.supabase.co\n    at C:\\Users\\ADMIN\\OneDrive\\Desktop\\WorkSpace\\Kì 5\\ielts-elearning-platform\\backend\\node_modules\\pg-pool\\index.js:45:11\n    at processTicksAndRejections (node:internal/process/task_queues:105:5)\n    at Object.<anonymous> (C:\\Users\\ADMIN\\OneDrive\\Desktop\\WorkSpace\\Kì 5\\ielts-elearning-platform\\backend\\tests\\unit\\db\\002_create_users.test.js:17:14)"],"fullName":"T003 - Migration: Bảng users Error Case [AUTH_PROF_001]: Should reject target_band_score > 9.0","invocations":1,"location":null,"numPassingAsserts":0,"retryReasons":[],"status":"failed","title":"Error Case [AUTH_PROF_001]: Should reject target_band_score > 9.0"},{"ancestorTitles":["T003 - Migration: Bảng users"],"duration":0,"failureDetails":[{"errno":-3008,"code":"ENOTFOUND","syscall":"getaddrinfo","hostname":"db.exuuhghnjcihypchzmym.supabase.co"}],"failureMessages":["Error: getaddrinfo ENOTFOUND db.exuuhghnjcihypchzmym.supabase.co\n    at C:\\Users\\ADMIN\\OneDrive\\Desktop\\WorkSpace\\Kì 5\\ielts-elearning-platform\\backend\\node_modules\\pg-pool\\index.js:45:11\n    at processTicksAndRejections (node:internal/process/task_queues:105:5)\n    at Object.<anonymous> (C:\\Users\\ADMIN\\OneDrive\\Desktop\\WorkSpace\\Kì 5\\ielts-elearning-platform\\backend\\tests\\unit\\db\\002_create_users.test.js:17:14)"],"fullName":"T003 - Migration: Bảng users Error Case [AUTH_PROF_001]: Should reject target_band_score < 0.0","invocations":1,"location":null,"numPassingAsserts":0,"retryReasons":[],"status":"failed","title":"Error Case [AUTH_PROF_001]: Should reject target_band_score < 0.0"},{"ancestorTitles":["T003 - Migration: Bảng users"],"duration":1,"failureDetails":[{"errno":-3008,"code":"ENOTFOUND","syscall":"getaddrinfo","hostname":"db.exuuhghnjcihypchzmym.supabase.co"}],"failureMessages":["Error: getaddrinfo ENOTFOUND db.exuuhghnjcihypchzmym.supabase.co\n    at C:\\Users\\ADMIN\\OneDrive\\Desktop\\WorkSpace\\Kì 5\\ielts-elearning-platform\\backend\\node_modules\\pg-pool\\index.js:45:11\n    at processTicksAndRejections (node:internal/process/task_queues:105:5)\n    at Object.<anonymous> (C:\\Users\\ADMIN\\OneDrive\\Desktop\\WorkSpace\\Kì 5\\ielts-elearning-platform\\backend\\tests\\unit\\db\\002_create_users.test.js:17:14)"],"fullName":"T003 - Migration: Bảng users Error Case [AUTH_PROF_001]: Should reject target_band_score that is not in 0.5 increments (e.g., 5.3)","invocations":1,"location":null,"numPassingAsserts":0,"retryReasons":[],"status":"failed","title":"Error Case [AUTH_PROF_001]: Should reject target_band_score that is not in 0.5 increments (e.g., 5.3)"},{"ancestorTitles":["T003 - Migration: Bảng users"],"duration":0,"failureDetails":[{"errno":-3008,"code":"ENOTFOUND","syscall":"getaddrinfo","hostname":"db.exuuhghnjcihypchzmym.supabase.co"}],"failureMessages":["Error: getaddrinfo ENOTFOUND db.exuuhghnjcihypchzmym.supabase.co\n    at C:\\Users\\ADMIN\\OneDrive\\Desktop\\WorkSpace\\Kì 5\\ielts-elearning-platform\\backend\\node_modules\\pg-pool\\index.js:45:11\n    at processTicksAndRejections (node:internal/process/task_queues:105:5)\n    at Object.<anonymous> (C:\\Users\\ADMIN\\OneDrive\\Desktop\\WorkSpace\\Kì 5\\ielts-elearning-platform\\backend\\tests\\unit\\db\\002_create_users.test.js:17:14)"],"fullName":"T003 - Migration: Bảng users Happy Path [AUTH_PROF_001]: Should accept valid target_band_score like 6.5 and 7.0","invocations":1,"location":null,"numPassingAsserts":0,"retryReasons":[],"status":"failed","title":"Happy Path [AUTH_PROF_001]: Should accept valid target_band_score like 6.5 and 7.0"},{"ancestorTitles":["T003 - Migration: Bảng users"],"duration":0,"failureDetails":[{"errno":-3008,"code":"ENOTFOUND","syscall":"getaddrinfo","hostname":"db.exuuhghnjcihypchzmym.supabase.co"}],"failureMessages":["Error: getaddrinfo ENOTFOUND db.exuuhghnjcihypchzmym.supabase.co\n    at C:\\Users\\ADMIN\\OneDrive\\Desktop\\WorkSpace\\Kì 5\\ielts-elearning-platform\\backend\\node_modules\\pg-pool\\index.js:45:11\n    at processTicksAndRejections (node:internal/process/task_queues:105:5)\n    at Object.<anonymous> (C:\\Users\\ADMIN\\OneDrive\\Desktop\\WorkSpace\\Kì 5\\ielts-elearning-platform\\backend\\tests\\unit\\db\\002_create_users.test.js:17:14)"],"fullName":"T003 - Migration: Bảng users Event-driven: Should update updated_at trigger automatically on row update","invocations":1,"location":null,"numPassingAsserts":0,"retryReasons":[],"status":"failed","title":"Event-driven: Should update updated_at trigger automatically on row update"}],"endTime":1780361561554,"message":"  ● T003 - Migration: Bảng users › Happy Path: Should insert a user successfully with valid defaults\n\n    getaddrinfo ENOTFOUND db.exuuhghnjcihypchzmym.supabase.co\n\n    \u001b[0m \u001b[90m 15 |\u001b[39m\n     \u001b[90m 16 |\u001b[39m   beforeAll(\u001b[36masync\u001b[39m () \u001b[33m=>\u001b[39m {\n    \u001b[31m\u001b[1m>\u001b[22m\u001b[39m\u001b[90m 17 |\u001b[39m     client \u001b[33m=\u001b[39m \u001b[36mawait\u001b[39m pool\u001b[33m.\u001b[39mconnect()\u001b[33m;\u001b[39m\n     \u001b[90m    |\u001b[39m              \u001b[31m\u001b[1m^\u001b[22m\u001b[39m\n     \u001b[90m 18 |\u001b[39m     \n     \u001b[90m 19 |\u001b[39m     \u001b[90m// Ensure enums exist first (T002 dependency)\u001b[39m\n     \u001b[90m 20 |\u001b[39m     \u001b[36mconst\u001b[39m enumsMigration \u001b[33m=\u001b[39m fs\u001b[33m.\u001b[39mreadFileSync(path\u001b[33m.\u001b[39mresolve(__dirname\u001b[33m,\u001b[39m \u001b[32m'../../../src/db/migrations/001_create_enums.sql'\u001b[39m)\u001b[33m,\u001b[39m \u001b[32m'utf-8'\u001b[39m)\u001b[33m;\u001b[39m\u001b[0m\n\n      at backend/node_modules/pg-pool/index.js:45:11\n      at Object.<anonymous> (backend/tests/unit/db/002_create_users.test.js:17:14)\n\n  ● T003 - Migration: Bảng users › Error Case: Should enforce UNIQUE email constraint\n\n    getaddrinfo ENOTFOUND db.exuuhghnjcihypchzmym.supabase.co\n\n    \u001b[0m \u001b[90m 15 |\u001b[39m\n     \u001b[90m 16 |\u001b[39m   beforeAll(\u001b[36masync\u001b[39m () \u001b[33m=>\u001b[39m {\n    \u001b[31m\u001b[1m>\u001b[22m\u001b[39m\u001b[90m 17 |\u001b[39m     client \u001b[33m=\u001b[39m \u001b[36mawait\u001b[39m pool\u001b[33m.\u001b[39mconnect()\u001b[33m;\u001b[39m\n     \u001b[90m    |\u001b[39m              \u001b[31m\u001b[1m^\u001b[22m\u001b[39m\n     \u001b[90m 18 |\u001b[39m     \n     \u001b[90m 19 |\u001b[39m     \u001b[90m// Ensure enums exist first (T002 dependency)\u001b[39m\n     \u001b[90m 20 |\u001b[39m     \u001b[36mconst\u001b[39m enumsMigration \u001b[33m=\u001b[39m fs\u001b[33m.\u001b[39mreadFileSync(path\u001b[33m.\u001b[39mresolve(__dirname\u001b[33m,\u001b[39m \u001b[32m'../../../src/db/migrations/001_create_enums.sql'\u001b[39m)\u001b[33m,\u001b[39m \u001b[32m'utf-8'\u001b[39m)\u001b[33m;\u001b[39m\u001b[0m\n\n      at backend/node_modules/pg-pool/index.js:45:11\n      at Object.<anonymous> (backend/tests/unit/db/002_create_users.test.js:17:14)\n\n  ● T003 - Migration: Bảng users › Error Case [AUTH_PROF_001]: Should reject target_band_score > 9.0\n\n    getaddrinfo ENOTFOUND db.exuuhghnjcihypchzmym.supabase.co\n\n    \u001b[0m \u001b[90m 15 |\u001b[39m\n     \u001b[90m 16 |\u001b[39m   beforeAll(\u001b[36masync\u001b[39m () \u001b[33m=>\u001b[39m {\n    \u001b[31m\u001b[1m>\u001b[22m\u001b[39m\u001b[90m 17 |\u001b[39m     client \u001b[33m=\u001b[39m \u001b[36mawait\u001b[39m pool\u001b[33m.\u001b[39mconnect()\u001b[33m;\u001b[39m\n     \u001b[90m    |\u001b[39m              \u001b[31m\u001b[1m^\u001b[22m\u001b[39m\n     \u001b[90m 18 |\u001b[39m     \n     \u001b[90m 19 |\u001b[39m     \u001b[90m// Ensure enums exist first (T002 dependency)\u001b[39m\n     \u001b[90m 20 |\u001b[39m     \u001b[36mconst\u001b[39m enumsMigration \u001b[33m=\u001b[39m fs\u001b[33m.\u001b[39mreadFileSync(path\u001b[33m.\u001b[39mresolve(__dirname\u001b[33m,\u001b[39m \u001b[32m'../../../src/db/migrations/001_create_enums.sql'\u001b[39m)\u001b[33m,\u001b[39m \u001b[32m'utf-8'\u001b[39m)\u001b[33m;\u001b[39m\u001b[0m\n\n      at backend/node_modules/pg-pool/index.js:45:11\n      at Object.<anonymous> (backend/tests/unit/db/002_create_users.test.js:17:14)\n\n  ● T003 - Migration: Bảng users › Error Case [AUTH_PROF_001]: Should reject target_band_score < 0.0\n\n    getaddrinfo ENOTFOUND db.exuuhghnjcihypchzmym.supabase.co\n\n    \u001b[0m \u001b[90m 15 |\u001b[39m\n     \u001b[90m 16 |\u001b[39m   beforeAll(\u001b[36masync\u001b[39m () \u001b[33m=>\u001b[39m {\n    \u001b[31m\u001b[1m>\u001b[22m\u001b[39m\u001b[90m 17 |\u001b[39m     client \u001b[33m=\u001b[39m \u001b[36mawait\u001b[39m pool\u001b[33m.\u001b[39mconnect()\u001b[33m;\u001b[39m\n     \u001b[90m    |\u001b[39m              \u001b[31m\u001b[1m^\u001b[22m\u001b[39m\n     \u001b[90m 18 |\u001b[39m     \n     \u001b[90m 19 |\u001b[39m     \u001b[90m// Ensure enums exist first (T002 dependency)\u001b[39m\n     \u001b[90m 20 |\u001b[39m     \u001b[36mconst\u001b[39m enumsMigration \u001b[33m=\u001b[39m fs\u001b[33m.\u001b[39mreadFileSync(path\u001b[33m.\u001b[39mresolve(__dirname\u001b[33m,\u001b[39m \u001b[32m'../../../src/db/migrations/001_create_enums.sql'\u001b[39m)\u001b[33m,\u001b[39m \u001b[32m'utf-8'\u001b[39m)\u001b[33m;\u001b[39m\u001b[0m\n\n      at backend/node_modules/pg-pool/index.js:45:11\n      at Object.<anonymous> (backend/tests/unit/db/002_create_users.test.js:17:14)\n\n  ● T003 - Migration: Bảng users › Error Case [AUTH_PROF_001]: Should reject target_band_score that is not in 0.5 increments (e.g., 5.3)\n\n    getaddrinfo ENOTFOUND db.exuuhghnjcihypchzmym.supabase.co\n\n    \u001b[0m \u001b[90m 15 |\u001b[39m\n     \u001b[90m 16 |\u001b[39m   beforeAll(\u001b[36masync\u001b[39m () \u001b[33m=>\u001b[39m {\n    \u001b[31m\u001b[1m>\u001b[22m\u001b[39m\u001b[90m 17 |\u001b[39m     client \u001b[33m=\u001b[39m \u001b[36mawait\u001b[39m pool\u001b[33m.\u001b[39mconnect()\u001b[33m;\u001b[39m\n     \u001b[90m    |\u001b[39m              \u001b[31m\u001b[1m^\u001b[22m\u001b[39m\n     \u001b[90m 18 |\u001b[39m     \n     \u001b[90m 19 |\u001b[39m     \u001b[90m// Ensure enums exist first (T002 dependency)\u001b[39m\n     \u001b[90m 20 |\u001b[39m     \u001b[36mconst\u001b[39m enumsMigration \u001b[33m=\u001b[39m fs\u001b[33m.\u001b[39mreadFileSync(path\u001b[33m.\u001b[39mresolve(__dirname\u001b[33m,\u001b[39m \u001b[32m'../../../src/db/migrations/001_create_enums.sql'\u001b[39m)\u001b[33m,\u001b[39m \u001b[32m'utf-8'\u001b[39m)\u001b[33m;\u001b[39m\u001b[0m\n\n      at backend/node_modules/pg-pool/index.js:45:11\n      at Object.<anonymous> (backend/tests/unit/db/002_create_users.test.js:17:14)\n\n  ● T003 - Migration: Bảng users › Happy Path [AUTH_PROF_001]: Should accept valid target_band_score like 6.5 and 7.0\n\n    getaddrinfo ENOTFOUND db.exuuhghnjcihypchzmym.supabase.co\n\n    \u001b[0m \u001b[90m 15 |\u001b[39m\n     \u001b[90m 16 |\u001b[39m   beforeAll(\u001b[36masync\u001b[39m () \u001b[33m=>\u001b[39m {\n    \u001b[31m\u001b[1m>\u001b[22m\u001b[39m\u001b[90m 17 |\u001b[39m     client \u001b[33m=\u001b[39m \u001b[36mawait\u001b[39m pool\u001b[33m.\u001b[39mconnect()\u001b[33m;\u001b[39m\n     \u001b[90m    |\u001b[39m              \u001b[31m\u001b[1m^\u001b[22m\u001b[39m\n     \u001b[90m 18 |\u001b[39m     \n     \u001b[90m 19 |\u001b[39m     \u001b[90m// Ensure enums exist first (T002 dependency)\u001b[39m\n     \u001b[90m 20 |\u001b[39m     \u001b[36mconst\u001b[39m enumsMigration \u001b[33m=\u001b[39m fs\u001b[33m.\u001b[39mreadFileSync(path\u001b[33m.\u001b[39mresolve(__dirname\u001b[33m,\u001b[39m \u001b[32m'../../../src/db/migrations/001_create_enums.sql'\u001b[39m)\u001b[33m,\u001b[39m \u001b[32m'utf-8'\u001b[39m)\u001b[33m;\u001b[39m\u001b[0m\n\n      at backend/node_modules/pg-pool/index.js:45:11\n      at Object.<anonymous> (backend/tests/unit/db/002_create_users.test.js:17:14)\n\n  ● T003 - Migration: Bảng users › Event-driven: Should update updated_at trigger automatically on row update\n\n    getaddrinfo ENOTFOUND db.exuuhghnjcihypchzmym.supabase.co\n\n    \u001b[0m \u001b[90m 15 |\u001b[39m\n     \u001b[90m 16 |\u001b[39m   beforeAll(\u001b[36masync\u001b[39m () \u001b[33m=>\u001b[39m {\n    \u001b[31m\u001b[1m>\u001b[22m\u001b[39m\u001b[90m 17 |\u001b[39m     client \u001b[33m=\u001b[39m \u001b[36mawait\u001b[39m pool\u001b[33m.\u001b[39mconnect()\u001b[33m;\u001b[39m\n     \u001b[90m    |\u001b[39m              \u001b[31m\u001b[1m^\u001b[22m\u001b[39m\n     \u001b[90m 18 |\u001b[39m     \n     \u001b[90m 19 |\u001b[39m     \u001b[90m// Ensure enums exist first (T002 dependency)\u001b[39m\n     \u001b[90m 20 |\u001b[39m     \u001b[36mconst\u001b[39m enumsMigration \u001b[33m=\u001b[39m fs\u001b[33m.\u001b[39mreadFileSync(path\u001b[33m.\u001b[39mresolve(__dirname\u001b[33m,\u001b[39m \u001b[32m'../../../src/db/migrations/001_create_enums.sql'\u001b[39m)\u001b[33m,\u001
[...]
":0,"failureDetails":[],"failureMessages":[],"fullName":"Users Service - Profile (T027) updateProfile should throw AUTH_PROF_001 error when targetBandScore is invalid (NaN: NaN)","invocations":1,"location":null,"numPassingAsserts":1,"retryReasons":[],"status":"passed","title":"should throw AUTH_PROF_001 error when targetBandScore is invalid (NaN: NaN)"},{"ancestorTitles":["Users Service - Profile (T027)","updateProfile"],"duration":1,"failureDetails":[],"failureMessages":[],"fullName":"Users Service - Profile (T027) updateProfile should allow updating profile without providing targetBandScore","invocations":1,"location":null,"numPassingAsserts":2,"retryReasons":[],"status":"passed","title":"should allow updating profile without providing targetBandScore"},{"ancestorTitles":["Users Service - Profile (T027)","updateProfile"],"duration":1,"failureDetails":[],"failureMessages":[],"fullName":"Users Service - Profile (T027) updateProfile should throw NOT_FOUND if user does not exist during update","invocations":1,"location":null,"numPassingAsserts":1,"retryReasons":[],"status":"passed","title":"should throw NOT_FOUND if user does not exist during update"}],"endTime":1780361562508,"message":"","name":"C:\\Users\\ADMIN\\OneDrive\\Desktop\\WorkSpace\\Kì 5\\ielts-elearning-platform\\backend\\tests\\unit\\services\\users.profile.test.js","startTime":1780361562332,"status":"passed","summary":""},{"assertionResults":[{"ancestorTitles":["AuditLogService","logAction"],"duration":2,"failureDetails":[],"failureMessages":[],"fullName":"AuditLogService logAction should successfully log an action (Happy path)","invocations":1,"location":null,"numPassingAsserts":2,"retryReasons":[],"status":"passed","title":"should successfully log an action (Happy path)"},{"ancestorTitles":["AuditLogService","logAction"],"duration":1,"failureDetails":[],"failureMessages":[],"fullName":"AuditLogService logAction should throw an AppError (status 400) if action is missing","invocations":1,"location":null,"numPassingAsserts":2,"retryReasons":[],"status":"passed","title":"should throw an AppError (status 400) if action is missing"},{"ancestorTitles":["AuditLogService","logAction"],"duration":1,"failureDetails":[],"failureMessages":[],"fullName":"AuditLogService logAction should throw an AppError (status 400) if target_table is missing","invocations":1,"location":null,"numPassingAsserts":2,"retryReasons":[],"status":"passed","title":"should throw an AppError (status 400) if target_table is missing"},{"ancestorTitles":["AuditLogService","logAction"],"duration":1,"failureDetails":[],"failureMessages":[],"fullName":"AuditLogService logAction should throw an AppError (status 500) if database insertion fails","invocations":1,"location":null,"numPassingAsserts":2,"retryReasons":[],"status":"passed","title":"should throw an AppError (status 500) if database insertion fails"}],"endTime":1780361562517,"message":"","name":"C:\\Users\\ADMIN\\OneDrive\\Desktop\\WorkSpace\\Kì 5\\ielts-elearning-platform\\backend\\tests\\services\\audit.service.test.js","startTime":1780361562410,"status":"passed","summary":""},{"assertionResults":[{"ancestorTitles":["Session Queries","createSession"],"duration":3,"failureDetails":[],"failureMessages":[],"fullName":"Session Queries createSession TC-SES-Q-01a: Should create a new session successfully","invocations":1,"location":null,"numPassingAsserts":2,"retryReasons":[],"status":"passed","title":"TC-SES-Q-01a: Should create a new session successfully"},{"ancestorTitles":["Session Queries","createSession"],"duration":13,"failureDetails":[],"failureMessages":[],"fullName":"Session Queries createSession TC-SES-Q-06a: Should throw error if database query fails during create","invocations":1,"location":null,"numPassingAsserts":1,"retryReasons":[],"status":"passed","title":"TC-SES-Q-06a: Should throw error if database query fails during create"},{"ancestorTitles":["Session Queries","findActiveSession"],"duration":1,"failureDetails":[],"failureMessages":[],"fullName":"Session Queries findActiveSession TC-SES-Q-02a: Should find an active session by token","invocations":1,"location":null,"numPassingAsserts":2,"retryReasons":[],"status":"passed","title":"TC-SES-Q-02a: Should find an active session by token"},{"ancestorTitles":["Session Queries","findActiveSession"],"duration":0,"failureDetails":[],"failureMessages":[],"fullName":"Session Queries findActiveSession TC-SES-Q-02b: Should return null if session not found","invocations":1,"location":null,"numPassingAsserts":1,"retryReasons":[],"status":"passed","title":"TC-SES-Q-02b: Should return null if session not found"},{"ancestorTitles":["Session Queries","revokeSession"],"duration":1,"failureDetails":[],"failureMessages":[],"fullName":"Session Queries revokeSession TC-SES-Q-03a: Should revoke a session successfully","invocations":1,"location":null,"numPassingAsserts":2,"retryReasons":[],"status":"passed","title":"TC-SES-Q-03a: Should revoke a session successfully"},{"ancestorTitles":["Session Queries","revokeSession"],"duration":0,"failureDetails":[],"failureMessages":[],"fullName":"Session Queries revokeSession TC-SES-Q-03b: Should return null if session to revoke does not exist","invocations":1,"location":null,"numPassingAsserts":1,"retryReasons":[],"status":"passed","title":"TC-SES-Q-03b: Should return null if session to revoke does not exist"},{"ancestorTitles":["Session Queries","countActiveSessions"],"duration":1,"failureDetails":[],"failureMessages":[],"fullName":"Session Queries countActiveSessions TC-SES-Q-04a: Should return the count of active sessions for a user","invocations":1,"location":null,"numPassingAsserts":2,"retryReasons":[],"status":"passed","title":"TC-SES-Q-04a: Should return the count of active sessions for a user"},{"ancestorTitles":["Session Queries","revokeOldestSession"],"duration":0,"failureDetails":[],"failureMessages":[],"fullName":"Session Queries revokeOldestSession TC-SES-Q-05a: Should revoke the oldest active session for a user","invocations":1,"location":null,"numPassingAsserts":2,"retryReasons":[],"status":"passed","title":"TC-SES-Q-05a: Should revoke the oldest active session for a user"},{"ancestorTitles":["Session Queries","revokeOldestSession"],"duration":1,"failureDetails":[],"failureMessages":[],"fullName":"Session Queries revokeOldestSession TC-SES-Q-05b: Should return null if no active sessions exist to revoke","invocations":1,"location":null,"numPassingAsserts":1,"retryReasons":[],"status":"passed","title":"TC-SES-Q-05b: Should return null if no active sessions exist to revoke"}],"endTime":1780361562527,"message":"","name":"C:\\Users\\ADMIN\\OneDrive\\Desktop\\WorkSpace\\Kì 5\\ielts-elearning-platform\\backend\\tests\\unit\\db\\queries\\sessions.queries.test.js","startTime":1780361562404,"status":"passed","summary":""},{"assertionResults":[{"ancestorTitles":["Auth Controller: Reg & Verify","Validation Middleware"],"duration":17,"failureDetails":[],"failureMessages":[],"fullName":"Auth Controller: Reg & Verify Validation Middleware should call next() if there are no validation errors","invocations":1,"location":null,"numPassingAsserts":2,"retryReasons":[],"status":"passed","title":"should call next() if there are no validation errors"},{"ancestorTitles":["Auth Controller: Reg & Verify","Validation Middleware"],"duration":3,"failureDetails":[],"failureMessages":[],"fullName":"Auth Controller: Reg & Verify Validation Middleware should return 400 if validation fails","invocations":1,"location":null,"numPassingAsserts":3,"retryReasons":[],"status":"passed","title":"should return 400 if validation fails"},{"ancestorTitles":["Auth Controller: Reg & Verify","register()"],"duration":10,"failureDetails":[],"failureMessages":[],"fullName":"Auth Controller: Reg & Verify register() should return 201 Created when registration is successful (Happy Path)","invocations":1,"location":null,"numPassingAsserts":4,"retryReasons":[],"status":"passed","title":"should return 201 Created when registration is successful (Happy Path)"},{"ancestorTitles":["Auth Controller: Reg & Verify","register()"],"duration":2,"failureDetails":[],"failureMessages":[],"fullName":"Auth Controller: Reg & Verify register() should pass error to next() when authService.register throws (Error Case)","invocations":1,"location":null,"numPassingAsserts":4,"retryReasons":[],"status":"passed","title":"should pass error to next() when authService.register throws (Error Case)"},{"ancestorTitles":["Auth Controller: Reg & Verify","verifyEmail()"],"duration":2,"failureDetails":[],"failureMessages":[],"fullName":"Auth Controller: Reg & Verify verifyEmail() should return 200 OK when email verification is successful (Happy Path)","invocations":1,"location":null,"numPassingAsserts":4,"retryReasons":[],"status":"passed","title":"should return 200 OK when email verification is successful (Happy Path)"},{"ancestorTitles":["Auth Controller: Reg & Verify","verifyEmail()"],"duration":2,"failureDetails":[],"failureMessages":[],"fullName":"Auth Controller: Reg & Verify verifyEmail() should pass error to next() when authService.verifyEmail throws (Error Case - Invalid/Expired Token)","invocations":1,"location":null,"numPassingAsserts":4,"retryReasons":[],"status":"passed","title":"should pass error to next() when authService.verifyEmail throws (Error Case - Invalid/Expired Token)"},{"ancestorTitles":["Auth Controller: Reg & Verify","login()"],"duration":2,"failureDetails":[],"failureMessages":[],"fullName":"Auth Controller: Reg & Verify login() should return 200 OK and set cookies on successful login (Happy Path)","invocations":1,"location":null,"numPassingAsserts":5,"retryReasons":[],"status":"passed","title":"should return 200 OK and set cookies on successful login (Happy Path)"},{"ancestorTitles":["Auth Controller: Reg & Verify","login()"],"duration":1,"failureDetails":[],"failureMessages":[],"fullName":"Auth Controller: Reg & Verify login() should pass error to next() on login failure (Error Case)","invocations":1,"location":null,"numPassingAsserts":3,"retryReasons":[],"status":"passed","title":"should pass error to next() on login failure (Error Case)"},{"ancestorTitles":["Auth Controller: Reg & Verify","logout()"],"duration":3,"failureDetails":[],"failureMessages":[],"fullName":"Auth Controller: Reg & Verify logout() should clear cookies and return 204 (Happy Path)","invocations":1,"location":null,"numPassingAsserts":5,"retryReasons":[],"status":"passed","title":"should clear cookies and return 204 (Happy Path)"},{"ancestorTitles":["Auth Controller: Reg & Verify","logout()"],"duration":1,"failureDetails":[],"failureMessages":[],"fullName":"Auth Controller: Reg & Verify logout() should handle error if authService.logout fails","invocations":1,"location":null,"numPassingAsserts":1,"retryReasons":[],"status":"passed","title":"should handle error if authService.logout fails"},{"ancestorTitles":["Auth Controller: Reg & Verify","refreshToken()"],"duration":1,"failureDetails":[],"failureMessages":[],"fullName":"Auth Controller: Reg & Verify refreshToken() should set new accessToken and return 200 (Happy Path)","invocations":1,"location":null,"numPassingAsserts":4,"retryReasons":[],"status":"passed","title":"should set new accessToken and return 200 (Happy Path)"},{"ancestorTitles":["Auth Controller: Reg & Verify","refreshToken()"],"duration":1,"failureDetails":[],"failureMessages":[],"fullName":"Auth Controller: Reg & Verify refreshToken() should return 401 if refreshToken is missing","invocations":1,"location":null,"numPassingAsserts":2,"retryReasons":[],"status":"passed","title":"should return 401 if refreshToken is missing"},{"ancestorTitles":["Auth Controller: Reg & Verify","refreshToken()"],"duration":5,"failureDetails":[],"failureMessages":[],"fullName":"Auth Controller: Reg & Verify refreshToken() should pass error to next() if authService.refreshToken throws","invocations":1,"location":null,"numPassingAsserts":1,"retryReasons":[],"status":"passed","title":"should pass error to next() if authService.refreshToken throws"},{"ancestorTitles":["Auth Controller: Reg & Verify","forgotPassword()"],"duration":1,"failureDetails":[],"failureMessages":[],"fullName":"Auth Controller: Reg & Verify forgotPassword() should return 200 OK and a success message (Happy Path)","invocations":1,"location":null,"numPassingAsserts":4,"retryReasons":[],"status":"passed","title":"should return 200 OK and a success message (Happy Path)"},{"ancestorTitles":["Auth Controller: Reg & Verify","forgotPassword()"],"duration":0,"failureDetails":[],"failureMessages":[],"fullName":"Auth Controller: Reg & Verify forgotPassword() should pass error to next() if authService.forgotPassword throws (Error Case)","invocations":1,"location":null,"numPassingAsserts":3,"retryReasons":[],"status":"passed","title":"should pass error to next() if authService.forgotPassword throws (Error Case)"},{"ancestorTitles":["Auth Controller: Reg & Verify","resetPassword()"],"duration":1,"failureDetails":[],"failureMessages":[],"fullName":"Auth Controller: Reg & Verify resetPassword() should return 200 OK on successful password reset (Happy Path)","invocations":1,"location":null,"numPassingAsserts":4,"retryReasons":[],"status":"passed","title":"should return 200 OK on successful password reset (Happy Path)"},{"ancestorTitles":["Auth Controller: Reg & Verify","resetPassword()"],"duration":1,"failureDetails":[],"failureMessages":[],"fullName":"Auth Controller: Reg & Verify resetPassword() should pass error to next() if authService.resetPassword throws (Error Case)","invocations":1,"location":null,"numPassingAsserts":3,"retryReasons":[],"status":"passed","title":"should pass error to next() if authService.resetPassword throws (Error Case)"},{"ancestorTitles":["Auth Controller: Reg & Verify","googleRedirect()"],"duration":2,"failureDetails":[],"failureMessages":[],"fullName":"Auth Controller: Reg & Verify googleRedirect() should set oauth_state cookie and redirect to Google OAuth URL (Happy Path)","invocations":1,"location":null,"numPassingAsserts":5,"retryReasons":[],"status":"passed","title":"should set oauth_state cookie and redirect to Google OAuth URL (Happy Path)"},{"ancestorTitles":["Auth Controller: Reg & Verify","googleCallback()"],"duration":1,"failureDetails":[],"failureMessages":[],"fullName":"Auth Controller: Reg & Verify googleCallback() should throw error if state is missing or mismatched (Error Case)","invocations":1,"location":null,"numPassingAsserts":5,"retryReasons":[],"status":"passed","title":"should throw error if state is missing or mismatched (Error Case)"},{"ancestorTitles":["Auth Controller: Reg & Verify","googleCallback()"],"duration":1,"failureDetails":[],"failureMessages":[],"fullName":"Auth Controller: Reg & Verify googleCallback() should process callback, set cookies, and redirect to dashboard for existing user (Happy Path)","invocations":1,"location":null,"numPassingAsserts":6,"retryReasons":[],"status":"passed","title":"should process callback, set cookies, and redirect to dashboard for existing user (Happy Path)"},{"ancestorTitles":["Auth Controller: Reg & Verify","googleCallback()"],"duration":1,"failureDetails":[],"failureMessages":[],"fullName":"Auth Controller: Reg & Verify googleCallback() should process callback, set cookies, and redirect to onboarding for new user (Happy Path)","invocations":1,"location":null,"numPassingAsserts":2,"retryReasons":[],"status":"passed","title":"should process callback, set cookies, and redirect to onboarding for new user (Happy Path)"},{"ancestorTitles":["Auth Controller: Reg & Verify","googleCallback()"],"duration":3,"failureDetails":[],"failureMessages":[],"fullName":"Auth Controller: Reg & Verify googleCallback() should pass error to next() if authService.handleGoogleCallback throws (Error Case)","invocations":1,"location":null,"numPassingAsserts":2,"retryReasons":[],"status":"passed","title":"should pass error to next() if authService.handleGoogleCallback throws (Error Case)"}],"endTime":1780361562523,"message":"","name":"C:\\Users\\ADMIN\\OneDrive\\Desktop\\WorkSpace\\Kì 5\\ielts-elearning-platform\\backend\\tests\\unit\\controllers\\auth.controller.test.js","startTime":1780361560116,"status":"passed","summary":""},{"assertionResults":[{"ancestorTitles":["HashUtil (password.util.js)","hashPassword"],"duration":922,"failureDetails":[],"failureMessages":[],"fullName":"HashUtil (password.util.js) hashPassword TC01: should generate a valid bcrypt hash with cost 12","invocations":1,"location":null,"numPassingAsserts":4,"retryReasons":[],"status":"passed","title":"TC01: should generate a valid bcrypt hash with cost 12"},{"ancestorTitles":["HashUtil (password.util.js)","hashPassword"],"duration":43,"failureDetails":[],"failureMessages":[],"fullName":"HashUtil (password.util.js) hashPassword TC02: should throw an error when password is empty or null","invocations":1,"location":null,"numPassingAsserts":3,"retryReasons":[],"status":"passed","title":"TC02: should throw an error when password is empty or null"},{"ancestorTitles":["HashUtil (password.util.js)","verifyPassword"],"duration":929,"failureDetails":[],"failureMessages":[],"fullName":"HashUtil (password.util.js) verifyPassword TC03: should return true when the password matches the hash","invocations":1,"location":null,"numPassingAsserts":1,"retryReasons":[],"status":"passed","title":"TC03: should return true when the password matches the hash"},{"ancestorTitles":["HashUtil (password.util.js)","verifyPassword"],"duration":931,"failureDetails":[],"failureMessages":[],"fullName":"HashUtil (password.util.js) verifyPassword TC04: should return false when the password does not match the hash","invocations":1,"location":null,"numPassingAsserts":1,"retryReasons":[],"status":"passed","title":"TC04: should return false when the password does not match the hash"},{"ancestorTitles":["HashUtil (password.util.js)","verifyPassword"],"duration":520,"failureDetails":[],"failureMessages":[],"fullName":"HashUtil (password.util.js) verifyPassword TC05: should return false when parameters are missing or empty","invocations":1,"location":null,"numPassingAsserts":4,"retryReasons":[],"status":"passed","title":"TC05: should return false when parameters are missing or empty"},{"ancestorTitles":["HashUtil (password.util.js)","hashOTP"],"duration":1,"failureDetails":[],"failureMessages":[],"fullName":"HashUtil (password.util.js) hashOTP TC06: should generate a valid SHA-256 hex string","invocations":1,"location":null,"numPassingAsserts":4,"retryReasons":[],"status":"passed","title":"TC06: should generate a valid SHA-256 hex string"},{"ancestorTitles":["HashUtil (password.util.js)","hashOTP"],"duration":1,"failureDetails":[],"failureMessages":[],"fullName":"HashUtil (password.util.js) hashOTP TC07: should consistently generate the same hash for the same input","invocations":1,"location":null,"numPassingAsserts":2,"retryReasons":[],"status":"passed","title":"TC07: should consistently generate the same hash for the same input"},{"ancestorTitles":["HashUtil (password.util.js)","hashOTP"],"duration":0,"failureDetails":[],"failureMessages":[],"fullName":"HashUtil (password.util.js) hashOTP TC08: should stringify non-string inputs","invocations":1,"location":null,"numPassingAsserts":1,"retryReasons":[],"status":"passed","title":"TC08: should stringify non-string inputs"},{"ancestorTitles":["HashUtil (password.util.js)","hashOTP"],"duration":4,"failureDetails":[],"failureMessages":[],"fullName":"HashUtil (password.util.js) hashOTP TC09: should throw an error when OTP is empty or null","invocations":1,"location":null,"numPassingAsserts":3,"retryReasons":[],"status":"passed","title":"TC09: should throw an error when OTP is empty or null"}],"endTime":1780361564676,"message":"","name":"C:\\Users\\ADMIN\\OneDrive\\Desktop\\WorkSpace\\Kì 5\\ielts-elearning-platform\\backend\\tests\\unit\\utils\\password.util.test.js","startTime":1780361560054,"status":"passed","summary":""}],"wasInterrupted":false}
